2026-04-14 16:17:27,563 | INFO | related_work_compare | Stage 1/4: loading dataset ml-100k
2026-04-14 16:17:27,727 | INFO | related_work_compare | Stage 2/4: loading trained temporal encoder from outputs/fast_100k_runs/temporalgraph_20260414_160708/novel_realworld_main/realworld_temporal_encoder.pt
2026-04-14 16:17:27,749 | INFO | related_work_compare | Loaded compatible outputs/fast_100k_runs/temporalgraph_20260414_160708/novel_realworld_main/realworld_temporal_encoder.pt | matched=5 skipped=60
2026-04-14 16:17:27,749 | INFO | related_work_compare | Skipped temporal keys: mask_token, pos_embed, embed.weight, user_embed.weight, hour_embed.weight, time2vec.periodic.weight, time2vec.periodic.bias, temporal_kernel_proj.0.weight ...
2026-04-14 16:17:27,749 | INFO | related_work_compare | Stage 3/4: building evaluation environment
/home/rahul/miniforge3/lib/python3.12/site-packages/torch/nn/modules/transformer.py:531: UserWarning: The PyTorch API of nested tensors is in prototype stage and will change in the near future. We recommend specifying layout=torch.jagged when constructing a nested tensor, as this layout receives active development, has better operator coverage, and works with torch.compile. (Triggered internally at /pytorch/aten/src/ATen/NestedTensorImpl.cpp:178.)
  output = torch._nested_tensor_from_mask(
2026-04-14 16:17:27,926 | INFO | related_work_compare | Environment ready | node_dim=137 candidate_dim=74
2026-04-14 16:17:27,926 | INFO | related_work_compare | Stage 4/4: evaluating our method and paper-inspired baselines
2026-04-14 16:17:27,931 | INFO | related_work_compare | Evaluating TemporalGraph in the same fresh harness as the paper-inspired baselines
2026-04-14 16:17:36,488 | INFO | related_work_compare | Evaluating AWFDRL baseline
2026-04-14 16:17:38,090 | INFO | related_work_compare | AWFDRL episode 1/3 | reward=281.2000 local=0.5103 neighbor=0.0793 cloud=0.3354 paper_hit=0.5896
2026-04-14 16:17:39,863 | INFO | related_work_compare | AWFDRL episode 2/3 | reward=264.8000 local=0.4489 neighbor=0.0648 cloud=0.3863 paper_hit=0.5137
2026-04-14 16:17:41,809 | INFO | related_work_compare | AWFDRL episode 3/3 | reward=227.5000 local=0.3664 neighbor=0.1519 cloud=0.4067 paper_hit=0.5183
2026-04-14 16:17:41,809 | INFO | related_work_compare | Evaluating MAAFDRL baseline
2026-04-14 16:17:43,576 | INFO | related_work_compare | MAAFDRL episode 1/3 | reward=122.6000 local=0.2498 neighbor=0.1190 cloud=0.5812 paper_hit=0.3688
2026-04-14 16:17:45,311 | INFO | related_work_compare | MAAFDRL episode 2/3 | reward=95.8000 local=0.1824 neighbor=0.0375 cloud=0.6801 paper_hit=0.2199
2026-04-14 16:17:46,854 | INFO | related_work_compare | MAAFDRL episode 3/3 | reward=108.9000 local=0.2690 neighbor=0.0953 cloud=0.5856 paper_hit=0.3644
2026-04-14 16:17:46,854 | INFO | related_work_compare | Evaluating DTS-DDPG baseline
2026-04-14 16:17:48,445 | INFO | related_work_compare | DTS-DDPG episode 1/3 | reward=316.5000 local=0.5168 neighbor=0.1181 cloud=0.3151 paper_hit=0.6349
2026-04-14 16:17:50,023 | INFO | related_work_compare | DTS-DDPG episode 2/3 | reward=238.4000 local=0.3621 neighbor=0.1509 cloud=0.4370 paper_hit=0.5130
2026-04-14 16:17:51,798 | INFO | related_work_compare | DTS-DDPG episode 3/3 | reward=254.3000 local=0.4619 neighbor=0.1308 cloud=0.3573 paper_hit=0.5927
2026-04-14 16:17:52,754 | INFO | related_work_compare | TemporalGraph: reward_mean=295.6333 local_hit_mean=0.4738 paper_hit_mean=0.5283 cloud_fetch_mean=0.4217
2026-04-14 16:17:52,755 | INFO | related_work_compare | AWFDRL: reward_mean=257.8333 local_hit_mean=0.4419 paper_hit_mean=0.5405 cloud_fetch_mean=0.3761
2026-04-14 16:17:52,755 | INFO | related_work_compare | MAAFDRL: reward_mean=109.1000 local_hit_mean=0.2337 paper_hit_mean=0.3177 cloud_fetch_mean=0.6156
2026-04-14 16:17:52,755 | INFO | related_work_compare | DTS-DDPG: reward_mean=269.7333 local_hit_mean=0.4469 paper_hit_mean=0.5802 cloud_fetch_mean=0.3698
