2026-04-14 04:36:33,835 | INFO | novel_realworld_cache | Stage 1/5: loading ml-100k
2026-04-14 04:36:34,003 | INFO | novel_realworld_cache | Dataset ready | dataset=ml-100k ratings=100000 users=943
2026-04-14 04:36:34,003 | INFO | novel_realworld_cache | Stage 2/5: building real-world timestamp-aware temporal dataset
2026-04-14 04:36:34,890 | INFO | novel_realworld_cache | Temporal dataset ready | samples=92456 train=83642 val=8814
2026-04-14 04:36:34,890 | INFO | novel_realworld_cache | Stage 3/5: elastic federated training for real-world temporal encoder
2026-04-14 04:36:34,903 | INFO | novel_realworld_cache | Real-world temporal federated training started: rounds=3 clients_per_round=40 users=943
/home/rahul/miniforge3/lib/python3.12/site-packages/torch/nn/modules/transformer.py:531: UserWarning: The PyTorch API of nested tensors is in prototype stage and will change in the near future. We recommend specifying layout=torch.jagged when constructing a nested tensor, as this layout receives active development, has better operator coverage, and works with torch.compile. (Triggered internally at /pytorch/aten/src/ATen/NestedTensorImpl.cpp:178.)
  output = torch._nested_tensor_from_mask(
2026-04-14 04:36:42,846 | INFO | novel_realworld_cache | Real-world temporal round 1/3 | train_loss=26.932750 val_loss=19.881970
2026-04-14 04:36:51,449 | INFO | novel_realworld_cache | Real-world temporal round 2/3 | train_loss=25.362552 val_loss=19.152571
2026-04-14 04:37:01,306 | INFO | novel_realworld_cache | Real-world temporal round 3/3 | train_loss=24.959221 val_loss=18.292598
2026-04-14 04:37:01,310 | INFO | novel_realworld_cache | Stage 4/5: building novel real-world caching environment
2026-04-14 04:37:01,523 | INFO | novel_realworld_cache | Environment ready | node_dim=73 candidate_dim=42
2026-04-14 04:37:01,523 | INFO | novel_realworld_cache | Stage 5/5: training temporal-graph cooperative cache policy
2026-04-14 04:37:03,342 | INFO | novel_realworld_cache | Imitation epoch 1/8 episode 1/4 complete | teacher_forcing=0.900 reward=5.5550 local_hit=0.3538 paper_hit=0.4606
2026-04-14 04:37:05,860 | INFO | novel_realworld_cache | Imitation epoch 1/8 episode 2/4 complete | teacher_forcing=0.900 reward=5.9838 local_hit=0.3700 paper_hit=0.4663
2026-04-14 04:37:08,037 | INFO | novel_realworld_cache | Imitation epoch 1/8 episode 3/4 complete | teacher_forcing=0.900 reward=5.8200 local_hit=0.3519 paper_hit=0.4479
2026-04-14 04:37:10,005 | INFO | novel_realworld_cache | Imitation epoch 1/8 episode 4/4 complete | teacher_forcing=0.900 reward=6.3969 local_hit=0.3557 paper_hit=0.4459
2026-04-14 04:37:14,108 | INFO | novel_realworld_cache | Imitation epoch 1/8 summary | loss=2.110233 reward=6.3969 local_hit=0.3557 paper_hit=0.4459 sel_reward=256.3333 sel_local=0.4584 sel_paper=0.4829 best_score=1238.4436
2026-04-14 04:37:15,998 | INFO | novel_realworld_cache | Imitation epoch 2/8 episode 1/4 complete | teacher_forcing=0.779 reward=5.4475 local_hit=0.4174 paper_hit=0.4757
2026-04-14 04:37:17,614 | INFO | novel_realworld_cache | Imitation epoch 2/8 episode 2/4 complete | teacher_forcing=0.779 reward=6.0875 local_hit=0.4657 paper_hit=0.5293
2026-04-14 04:37:19,161 | INFO | novel_realworld_cache | Imitation epoch 2/8 episode 3/4 complete | teacher_forcing=0.779 reward=6.1617 local_hit=0.4354 paper_hit=0.5027
2026-04-14 04:37:20,643 | INFO | novel_realworld_cache | Imitation epoch 2/8 episode 4/4 complete | teacher_forcing=0.779 reward=6.0244 local_hit=0.4355 paper_hit=0.4965
2026-04-14 04:37:24,932 | INFO | novel_realworld_cache | Imitation epoch 2/8 summary | loss=1.894211 reward=6.0244 local_hit=0.4355 paper_hit=0.4965 sel_reward=262.6333 sel_local=0.4816 sel_paper=0.5294 best_score=1340.7327
2026-04-14 04:37:27,007 | INFO | novel_realworld_cache | Imitation epoch 3/8 episode 1/4 complete | teacher_forcing=0.657 reward=7.1525 local_hit=0.4161 paper_hit=0.5702
2026-04-14 04:37:28,757 | INFO | novel_realworld_cache | Imitation epoch 3/8 episode 2/4 complete | teacher_forcing=0.657 reward=6.7075 local_hit=0.4298 paper_hit=0.5428
2026-04-14 04:37:30,425 | INFO | novel_realworld_cache | Imitation epoch 3/8 episode 3/4 complete | teacher_forcing=0.657 reward=6.0500 local_hit=0.4197 paper_hit=0.5169
2026-04-14 04:37:32,629 | INFO | novel_realworld_cache | Imitation epoch 3/8 episode 4/4 complete | teacher_forcing=0.657 reward=6.0050 local_hit=0.4280 paper_hit=0.5338
2026-04-14 04:37:37,133 | INFO | novel_realworld_cache | Imitation epoch 3/8 summary | loss=1.838665 reward=6.0050 local_hit=0.4280 paper_hit=0.5338 sel_reward=243.5333 sel_local=0.4402 sel_paper=0.4888 best_score=1340.7327
2026-04-14 04:37:39,147 | INFO | novel_realworld_cache | Imitation epoch 4/8 episode 1/4 complete | teacher_forcing=0.536 reward=6.5375 local_hit=0.4618 paper_hit=0.5329
2026-04-14 04:37:40,867 | INFO | novel_realworld_cache | Imitation epoch 4/8 episode 2/4 complete | teacher_forcing=0.536 reward=5.9663 local_hit=0.4282 paper_hit=0.4875
2026-04-14 04:37:42,959 | INFO | novel_realworld_cache | Imitation epoch 4/8 episode 3/4 complete | teacher_forcing=0.536 reward=6.2167 local_hit=0.4344 paper_hit=0.4980
2026-04-14 04:37:44,836 | INFO | novel_realworld_cache | Imitation epoch 4/8 episode 4/4 complete | teacher_forcing=0.536 reward=6.6706 local_hit=0.4396 paper_hit=0.4971
2026-04-14 04:37:49,564 | INFO | novel_realworld_cache | Imitation epoch 4/8 summary | loss=1.831624 reward=6.6706 local_hit=0.4396 paper_hit=0.4971 sel_reward=234.8333 sel_local=0.4024 sel_paper=0.4683 best_score=1340.7327
2026-04-14 04:37:51,439 | INFO | novel_realworld_cache | Imitation epoch 5/8 episode 1/4 complete | teacher_forcing=0.414 reward=6.6000 local_hit=0.4339 paper_hit=0.5006
2026-04-14 04:37:53,597 | INFO | novel_realworld_cache | Imitation epoch 5/8 episode 2/4 complete | teacher_forcing=0.414 reward=6.6588 local_hit=0.4352 paper_hit=0.4931
2026-04-14 04:37:55,410 | INFO | novel_realworld_cache | Imitation epoch 5/8 episode 3/4 complete | teacher_forcing=0.414 reward=6.6633 local_hit=0.4464 paper_hit=0.5081
2026-04-14 04:37:57,313 | INFO | novel_realworld_cache | Imitation epoch 5/8 episode 4/4 complete | teacher_forcing=0.414 reward=6.9669 local_hit=0.4461 paper_hit=0.5145
2026-04-14 04:38:02,528 | INFO | novel_realworld_cache | Imitation epoch 5/8 summary | loss=1.830786 reward=6.9669 local_hit=0.4461 paper_hit=0.5145 sel_reward=236.8667 sel_local=0.4273 sel_paper=0.4595 best_score=1340.7327
2026-04-14 04:38:04,693 | INFO | novel_realworld_cache | Imitation epoch 6/8 episode 1/4 complete | teacher_forcing=0.293 reward=6.8750 local_hit=0.5440 paper_hit=0.6030
2026-04-14 04:38:06,776 | INFO | novel_realworld_cache | Imitation epoch 6/8 episode 2/4 complete | teacher_forcing=0.293 reward=6.4225 local_hit=0.4917 paper_hit=0.5456
2026-04-14 04:38:08,624 | INFO | novel_realworld_cache | Imitation epoch 6/8 episode 3/4 complete | teacher_forcing=0.293 reward=6.5333 local_hit=0.5274 paper_hit=0.5819
2026-04-14 04:38:10,439 | INFO | novel_realworld_cache | Imitation epoch 6/8 episode 4/4 complete | teacher_forcing=0.293 reward=6.1875 local_hit=0.4661 paper_hit=0.5368
2026-04-14 04:38:14,904 | INFO | novel_realworld_cache | Imitation epoch 6/8 summary | loss=1.843480 reward=6.1875 local_hit=0.4661 paper_hit=0.5368 sel_reward=208.4000 sel_local=0.3544 sel_paper=0.4135 best_score=1340.7327
2026-04-14 04:38:16,696 | INFO | novel_realworld_cache | Imitation epoch 7/8 episode 1/4 complete | teacher_forcing=0.171 reward=7.2425 local_hit=0.4531 paper_hit=0.5374
2026-04-14 04:38:18,794 | INFO | novel_realworld_cache | Imitation epoch 7/8 episode 2/4 complete | teacher_forcing=0.171 reward=6.8662 local_hit=0.4749 paper_hit=0.5362
2026-04-14 04:38:20,714 | INFO | novel_realworld_cache | Imitation epoch 7/8 episode 3/4 complete | teacher_forcing=0.171 reward=6.5258 local_hit=0.4547 paper_hit=0.5045
2026-04-14 04:38:22,702 | INFO | novel_realworld_cache | Imitation epoch 7/8 episode 4/4 complete | teacher_forcing=0.171 reward=6.2844 local_hit=0.4410 paper_hit=0.4839
2026-04-14 04:38:27,585 | INFO | novel_realworld_cache | Imitation epoch 7/8 summary | loss=1.847514 reward=6.2844 local_hit=0.4410 paper_hit=0.4839 sel_reward=257.4667 sel_local=0.4111 sel_paper=0.4749 best_score=1340.7327
2026-04-14 04:38:29,600 | INFO | novel_realworld_cache | Imitation epoch 8/8 episode 1/4 complete | teacher_forcing=0.050 reward=6.1125 local_hit=0.4921 paper_hit=0.5311
2026-04-14 04:38:31,651 | INFO | novel_realworld_cache | Imitation epoch 8/8 episode 2/4 complete | teacher_forcing=0.050 reward=6.4512 local_hit=0.4635 paper_hit=0.5084
2026-04-14 04:38:33,845 | INFO | novel_realworld_cache | Imitation epoch 8/8 episode 3/4 complete | teacher_forcing=0.050 reward=6.9325 local_hit=0.4703 paper_hit=0.5177
2026-04-14 04:38:35,844 | INFO | novel_realworld_cache | Imitation epoch 8/8 episode 4/4 complete | teacher_forcing=0.050 reward=6.8087 local_hit=0.4564 paper_hit=0.5054
2026-04-14 04:38:40,724 | INFO | novel_realworld_cache | Imitation epoch 8/8 summary | loss=1.867811 reward=6.8087 local_hit=0.4564 paper_hit=0.5054 sel_reward=246.4667 sel_local=0.4576 sel_paper=0.4900 best_score=1340.7327
2026-04-14 04:38:40,725 | INFO | novel_realworld_cache | Stage 5b/5: reward fine-tuning temporal-graph policy
2026-04-14 04:38:47,892 | INFO | novel_realworld_cache | Reinforce epoch 1/4 episode 1/4 complete | loss=-0.798822 reward=235.3000 local_hit=0.3481 paper_hit=0.3984
2026-04-14 04:38:53,833 | INFO | novel_realworld_cache | Reinforce epoch 1/4 episode 2/4 complete | loss=-1.151816 reward=225.2000 local_hit=0.3519 paper_hit=0.4608
2026-04-14 04:38:59,762 | INFO | novel_realworld_cache | Reinforce epoch 1/4 episode 3/4 complete | loss=-0.529531 reward=213.3667 local_hit=0.3456 paper_hit=0.4316
2026-04-14 04:39:05,981 | INFO | novel_realworld_cache | Reinforce epoch 1/4 episode 4/4 complete | loss=-0.287654 reward=215.7250 local_hit=0.3584 paper_hit=0.4465
2026-04-14 04:39:10,973 | INFO | novel_realworld_cache | Reinforce epoch 1/4 summary | loss=-0.287654 reward=215.7250 local_hit=0.3584 paper_hit=0.4465 sel_reward=253.1333 sel_local=0.4177 sel_paper=0.4836 best_score=1721.6043
2026-04-14 04:39:17,067 | INFO | novel_realworld_cache | Reinforce epoch 2/4 episode 1/4 complete | loss=-0.676321 reward=243.8000 local_hit=0.4593 paper_hit=0.5399
2026-04-14 04:39:23,667 | INFO | novel_realworld_cache | Reinforce epoch 2/4 episode 2/4 complete | loss=0.447669 reward=230.3000 local_hit=0.4518 paper_hit=0.5158
2026-04-14 04:39:30,337 | INFO | novel_realworld_cache | Reinforce epoch 2/4 episode 3/4 complete | loss=1.005810 reward=214.9667 local_hit=0.4425 paper_hit=0.5128
2026-04-14 04:39:37,254 | INFO | novel_realworld_cache | Reinforce epoch 2/4 episode 4/4 complete | loss=1.121117 reward=214.0750 local_hit=0.4218 paper_hit=0.4983
2026-04-14 04:39:42,477 | INFO | novel_realworld_cache | Reinforce epoch 2/4 summary | loss=1.121117 reward=214.0750 local_hit=0.4218 paper_hit=0.4983 sel_reward=253.7333 sel_local=0.4831 sel_paper=0.5148 best_score=1721.6043
2026-04-14 04:39:48,544 | INFO | novel_realworld_cache | Reinforce epoch 3/4 episode 1/4 complete | loss=-0.318774 reward=197.6000 local_hit=0.3250 paper_hit=0.4115
2026-04-14 04:39:54,460 | INFO | novel_realworld_cache | Reinforce epoch 3/4 episode 2/4 complete | loss=-0.128425 reward=207.0500 local_hit=0.3718 paper_hit=0.4458
2026-04-14 04:40:00,928 | INFO | novel_realworld_cache | Reinforce epoch 3/4 episode 3/4 complete | loss=0.073880 reward=210.1667 local_hit=0.3813 paper_hit=0.4716
2026-04-14 04:40:06,929 | INFO | novel_realworld_cache | Reinforce epoch 3/4 episode 4/4 complete | loss=-0.240055 reward=212.3250 local_hit=0.3758 paper_hit=0.4626
2026-04-14 04:40:12,309 | INFO | novel_realworld_cache | Reinforce epoch 3/4 summary | loss=-0.240055 reward=212.3250 local_hit=0.3758 paper_hit=0.4626 sel_reward=221.2333 sel_local=0.4297 sel_paper=0.4818 best_score=1721.6043
2026-04-14 04:40:18,884 | INFO | novel_realworld_cache | Reinforce epoch 4/4 episode 1/4 complete | loss=1.219845 reward=242.1000 local_hit=0.4799 paper_hit=0.5685
2026-04-14 04:40:25,303 | INFO | novel_realworld_cache | Reinforce epoch 4/4 episode 2/4 complete | loss=0.961403 reward=221.4000 local_hit=0.4099 paper_hit=0.5121
2026-04-14 04:40:31,619 | INFO | novel_realworld_cache | Reinforce epoch 4/4 episode 3/4 complete | loss=1.075922 reward=228.8000 local_hit=0.4137 paper_hit=0.4923
2026-04-14 04:40:38,241 | INFO | novel_realworld_cache | Reinforce epoch 4/4 episode 4/4 complete | loss=1.043572 reward=221.4000 local_hit=0.3951 paper_hit=0.4773
2026-04-14 04:40:43,373 | INFO | novel_realworld_cache | Reinforce epoch 4/4 summary | loss=1.043572 reward=221.4000 local_hit=0.3951 paper_hit=0.4773 sel_reward=255.5000 sel_local=0.4130 sel_paper=0.4636 best_score=1721.6043
2026-04-14 04:40:43,613 | INFO | novel_realworld_cache | Evaluating random baseline
2026-04-14 04:40:48,451 | INFO | novel_realworld_cache | Evaluating BSG-like baseline
2026-04-14 04:40:51,866 | INFO | novel_realworld_cache | Evaluating C-epsilon-greedy baseline
2026-04-14 04:40:55,112 | INFO | novel_realworld_cache | Evaluating cooperative teacher
2026-04-14 04:40:58,958 | INFO | novel_realworld_cache | Evaluating learned graph policy
2026-04-14 04:41:04,200 | INFO | novel_realworld_cache | Random: reward_mean=-154.7333 local_hit_mean=0.0104 paper_hit_mean=0.0292
2026-04-14 04:41:04,200 | INFO | novel_realworld_cache | BSG-like: reward_mean=1.3667 local_hit_mean=0.0063 paper_hit_mean=0.0063
2026-04-14 04:41:04,200 | INFO | novel_realworld_cache | C-epsilon-greedy: reward_mean=108.9333 local_hit_mean=0.2308 paper_hit_mean=0.3942
2026-04-14 04:41:04,200 | INFO | novel_realworld_cache | Teacher: reward_mean=254.0000 local_hit_mean=0.4328 paper_hit_mean=0.5144
2026-04-14 04:41:04,200 | INFO | novel_realworld_cache | TemporalGraph: reward_mean=264.6333 local_hit_mean=0.4418 paper_hit_mean=0.5170
Random: reward_mean=-154.7333 local_hit_mean=0.0104 paper_hit_mean=0.0292
BSG-like: reward_mean=1.3667 local_hit_mean=0.0063 paper_hit_mean=0.0063
C-epsilon-greedy: reward_mean=108.9333 local_hit_mean=0.2308 paper_hit_mean=0.3942
Teacher: reward_mean=254.0000 local_hit_mean=0.4328 paper_hit_mean=0.5144
TemporalGraph: reward_mean=264.6333 local_hit_mean=0.4418 paper_hit_mean=0.5170
Dataset: ml-100k
Saved outputs under: outputs/fast_100k_runs/temporalgraph_20260414_043631/novel_realworld_main
