2026-04-14 16:47:44,058 | INFO | novel_realworld_cache | Stage 1/5: loading ml-100k
2026-04-14 16:47:44,237 | INFO | novel_realworld_cache | Dataset ready | dataset=ml-100k ratings=100000 users=943
2026-04-14 16:47:44,237 | INFO | novel_realworld_cache | Stage 2/5: building real-world timestamp-aware temporal dataset
2026-04-14 16:47:45,069 | INFO | novel_realworld_cache | Temporal dataset ready | samples=92456 train=83642 val=8814
2026-04-14 16:47:45,069 | INFO | novel_realworld_cache | Stage 3/5: elastic federated training for real-world temporal encoder
2026-04-14 16:47:45,076 | INFO | novel_realworld_cache | Real-world temporal federated training started: rounds=3 clients_per_round=40 users=943
/home/rahul/miniforge3/lib/python3.12/site-packages/torch/nn/modules/transformer.py:531: UserWarning: The PyTorch API of nested tensors is in prototype stage and will change in the near future. We recommend specifying layout=torch.jagged when constructing a nested tensor, as this layout receives active development, has better operator coverage, and works with torch.compile. (Triggered internally at /pytorch/aten/src/ATen/NestedTensorImpl.cpp:178.)
  output = torch._nested_tensor_from_mask(
2026-04-14 16:47:52,980 | INFO | novel_realworld_cache | Real-world temporal round 1/3 | train_loss=26.932750 val_loss=19.881970
2026-04-14 16:48:01,199 | INFO | novel_realworld_cache | Real-world temporal round 2/3 | train_loss=25.362552 val_loss=19.152571
2026-04-14 16:48:08,854 | INFO | novel_realworld_cache | Real-world temporal round 3/3 | train_loss=24.959221 val_loss=18.292598
2026-04-14 16:48:08,857 | INFO | novel_realworld_cache | Stage 4/5: building novel real-world caching environment
2026-04-14 16:48:09,034 | INFO | novel_realworld_cache | Environment ready | node_dim=73 candidate_dim=42
2026-04-14 16:48:09,034 | INFO | novel_realworld_cache | Stage 5/5: training temporal-graph cooperative cache policy
2026-04-14 16:48:11,429 | INFO | novel_realworld_cache | Imitation epoch 1/8 episode 1/4 complete | teacher_forcing=0.900 reward=5.6625 local_hit=0.3690 paper_hit=0.5130
2026-04-14 16:48:13,734 | INFO | novel_realworld_cache | Imitation epoch 1/8 episode 2/4 complete | teacher_forcing=0.900 reward=6.1875 local_hit=0.3984 paper_hit=0.5346
2026-04-14 16:48:16,040 | INFO | novel_realworld_cache | Imitation epoch 1/8 episode 3/4 complete | teacher_forcing=0.900 reward=5.6100 local_hit=0.3518 paper_hit=0.5287
2026-04-14 16:48:18,333 | INFO | novel_realworld_cache | Imitation epoch 1/8 episode 4/4 complete | teacher_forcing=0.900 reward=5.9706 local_hit=0.3719 paper_hit=0.5431
2026-04-14 16:48:24,879 | INFO | novel_realworld_cache | Imitation epoch 1/8 summary | loss=2.140465 reward=5.9706 local_hit=0.3719 paper_hit=0.5431 sel_reward=255.5000 sel_local=0.4300 sel_paper=0.5021 best_score=1250.2879
2026-04-14 16:48:28,043 | INFO | novel_realworld_cache | Imitation epoch 2/8 episode 1/4 complete | teacher_forcing=0.779 reward=4.5550 local_hit=0.3248 paper_hit=0.5056
2026-04-14 16:48:30,653 | INFO | novel_realworld_cache | Imitation epoch 2/8 episode 2/4 complete | teacher_forcing=0.779 reward=5.6237 local_hit=0.3903 paper_hit=0.5510
2026-04-14 16:48:33,360 | INFO | novel_realworld_cache | Imitation epoch 2/8 episode 3/4 complete | teacher_forcing=0.779 reward=5.7808 local_hit=0.4098 paper_hit=0.5728
2026-04-14 16:48:36,123 | INFO | novel_realworld_cache | Imitation epoch 2/8 episode 4/4 complete | teacher_forcing=0.779 reward=5.5650 local_hit=0.3880 paper_hit=0.5668
2026-04-14 16:48:43,457 | INFO | novel_realworld_cache | Imitation epoch 2/8 summary | loss=1.983653 reward=5.5650 local_hit=0.3880 paper_hit=0.5668 sel_reward=305.7667 sel_local=0.5193 sel_paper=0.5810 best_score=1464.2800
2026-04-14 16:48:46,175 | INFO | novel_realworld_cache | Imitation epoch 3/8 episode 1/4 complete | teacher_forcing=0.657 reward=6.1125 local_hit=0.3690 paper_hit=0.5218
2026-04-14 16:48:48,943 | INFO | novel_realworld_cache | Imitation epoch 3/8 episode 2/4 complete | teacher_forcing=0.657 reward=5.4250 local_hit=0.3522 paper_hit=0.5139
2026-04-14 16:48:51,877 | INFO | novel_realworld_cache | Imitation epoch 3/8 episode 3/4 complete | teacher_forcing=0.657 reward=5.2700 local_hit=0.3662 paper_hit=0.5148
2026-04-14 16:48:54,701 | INFO | novel_realworld_cache | Imitation epoch 3/8 episode 4/4 complete | teacher_forcing=0.657 reward=4.9300 local_hit=0.3696 paper_hit=0.5058
2026-04-14 16:49:01,844 | INFO | novel_realworld_cache | Imitation epoch 3/8 summary | loss=1.952508 reward=4.9300 local_hit=0.3696 paper_hit=0.5058 sel_reward=246.7000 sel_local=0.4580 sel_paper=0.5307 best_score=1464.2800
2026-04-14 16:49:04,852 | INFO | novel_realworld_cache | Imitation epoch 4/8 episode 1/4 complete | teacher_forcing=0.536 reward=7.0350 local_hit=0.4997 paper_hit=0.6048
2026-04-14 16:49:07,673 | INFO | novel_realworld_cache | Imitation epoch 4/8 episode 2/4 complete | teacher_forcing=0.536 reward=6.2950 local_hit=0.4257 paper_hit=0.5088
2026-04-14 16:49:10,380 | INFO | novel_realworld_cache | Imitation epoch 4/8 episode 3/4 complete | teacher_forcing=0.536 reward=6.4025 local_hit=0.4214 paper_hit=0.5349
2026-04-14 16:49:12,937 | INFO | novel_realworld_cache | Imitation epoch 4/8 episode 4/4 complete | teacher_forcing=0.536 reward=6.3394 local_hit=0.4180 paper_hit=0.5392
2026-04-14 16:49:20,271 | INFO | novel_realworld_cache | Imitation epoch 4/8 summary | loss=1.991774 reward=6.3394 local_hit=0.4180 paper_hit=0.5392 sel_reward=288.2333 sel_local=0.4724 sel_paper=0.5436 best_score=1464.2800
2026-04-14 16:49:23,216 | INFO | novel_realworld_cache | Imitation epoch 5/8 episode 1/4 complete | teacher_forcing=0.414 reward=6.9650 local_hit=0.5526 paper_hit=0.6607
2026-04-14 16:49:26,169 | INFO | novel_realworld_cache | Imitation epoch 5/8 episode 2/4 complete | teacher_forcing=0.414 reward=6.8050 local_hit=0.5122 paper_hit=0.6181
2026-04-14 16:49:29,423 | INFO | novel_realworld_cache | Imitation epoch 5/8 episode 3/4 complete | teacher_forcing=0.414 reward=6.3500 local_hit=0.4809 paper_hit=0.5996
2026-04-14 16:49:32,714 | INFO | novel_realworld_cache | Imitation epoch 5/8 episode 4/4 complete | teacher_forcing=0.414 reward=6.7756 local_hit=0.4742 paper_hit=0.5901
2026-04-14 16:49:40,410 | INFO | novel_realworld_cache | Imitation epoch 5/8 summary | loss=1.977393 reward=6.7756 local_hit=0.4742 paper_hit=0.5901 sel_reward=233.6667 sel_local=0.4090 sel_paper=0.4975 best_score=1464.2800
2026-04-14 16:49:43,563 | INFO | novel_realworld_cache | Imitation epoch 6/8 episode 1/4 complete | teacher_forcing=0.293 reward=5.2800 local_hit=0.3791 paper_hit=0.4945
2026-04-14 16:49:46,591 | INFO | novel_realworld_cache | Imitation epoch 6/8 episode 2/4 complete | teacher_forcing=0.293 reward=4.8987 local_hit=0.3747 paper_hit=0.4901
2026-04-14 16:49:50,658 | INFO | novel_realworld_cache | Imitation epoch 6/8 episode 3/4 complete | teacher_forcing=0.293 reward=5.4908 local_hit=0.4257 paper_hit=0.5197
2026-04-14 16:49:54,054 | INFO | novel_realworld_cache | Imitation epoch 6/8 episode 4/4 complete | teacher_forcing=0.293 reward=5.5287 local_hit=0.4129 paper_hit=0.5108
2026-04-14 16:50:01,512 | INFO | novel_realworld_cache | Imitation epoch 6/8 summary | loss=2.000764 reward=5.5287 local_hit=0.4129 paper_hit=0.5108 sel_reward=258.0333 sel_local=0.4926 sel_paper=0.5440 best_score=1464.2800
2026-04-14 16:50:04,781 | INFO | novel_realworld_cache | Imitation epoch 7/8 episode 1/4 complete | teacher_forcing=0.171 reward=8.6125 local_hit=0.5540 paper_hit=0.6577
2026-04-14 16:50:08,153 | INFO | novel_realworld_cache | Imitation epoch 7/8 episode 2/4 complete | teacher_forcing=0.171 reward=7.3825 local_hit=0.4886 paper_hit=0.5659
2026-04-14 16:50:12,245 | INFO | novel_realworld_cache | Imitation epoch 7/8 episode 3/4 complete | teacher_forcing=0.171 reward=7.0325 local_hit=0.4762 paper_hit=0.5360
2026-04-14 16:50:16,228 | INFO | novel_realworld_cache | Imitation epoch 7/8 episode 4/4 complete | teacher_forcing=0.171 reward=6.6131 local_hit=0.4552 paper_hit=0.5158
2026-04-14 16:50:24,876 | INFO | novel_realworld_cache | Imitation epoch 7/8 summary | loss=2.035821 reward=6.6131 local_hit=0.4552 paper_hit=0.5158 sel_reward=263.5000 sel_local=0.4612 sel_paper=0.5174 best_score=1464.2800
2026-04-14 16:50:28,417 | INFO | novel_realworld_cache | Imitation epoch 8/8 episode 1/4 complete | teacher_forcing=0.050 reward=5.3700 local_hit=0.4536 paper_hit=0.5077
2026-04-14 16:50:32,271 | INFO | novel_realworld_cache | Imitation epoch 8/8 episode 2/4 complete | teacher_forcing=0.050 reward=6.0900 local_hit=0.4497 paper_hit=0.5010
2026-04-14 16:50:35,417 | INFO | novel_realworld_cache | Imitation epoch 8/8 episode 3/4 complete | teacher_forcing=0.050 reward=6.2317 local_hit=0.4343 paper_hit=0.5017
2026-04-14 16:50:38,817 | INFO | novel_realworld_cache | Imitation epoch 8/8 episode 4/4 complete | teacher_forcing=0.050 reward=6.5294 local_hit=0.4654 paper_hit=0.5305
2026-04-14 16:50:46,230 | INFO | novel_realworld_cache | Imitation epoch 8/8 summary | loss=2.041207 reward=6.5294 local_hit=0.4654 paper_hit=0.5305 sel_reward=248.0000 sel_local=0.4211 sel_paper=0.4859 best_score=1464.2800
2026-04-14 16:50:46,231 | INFO | novel_realworld_cache | Stage 5b/5: reward fine-tuning temporal-graph policy
2026-04-14 16:50:53,605 | INFO | novel_realworld_cache | Reinforce epoch 1/4 episode 1/4 complete | loss=1.079207 reward=223.9000 local_hit=0.3261 paper_hit=0.4916
2026-04-14 16:50:58,883 | INFO | novel_realworld_cache | Reinforce epoch 1/4 episode 2/4 complete | loss=0.726082 reward=224.2500 local_hit=0.3770 paper_hit=0.5495
2026-04-14 16:51:03,999 | INFO | novel_realworld_cache | Reinforce epoch 1/4 episode 3/4 complete | loss=1.612122 reward=225.7000 local_hit=0.3996 paper_hit=0.5589
2026-04-14 16:51:09,153 | INFO | novel_realworld_cache | Reinforce epoch 1/4 episode 4/4 complete | loss=0.702732 reward=221.7500 local_hit=0.4046 paper_hit=0.5651
2026-04-14 16:51:16,746 | INFO | novel_realworld_cache | Reinforce epoch 1/4 summary | loss=0.702732 reward=221.7500 local_hit=0.4046 paper_hit=0.5651 sel_reward=274.4667 sel_local=0.4725 sel_paper=0.5311 best_score=1633.7079
2026-04-14 16:51:22,005 | INFO | novel_realworld_cache | Reinforce epoch 2/4 episode 1/4 complete | loss=-0.303447 reward=150.0000 local_hit=0.2712 paper_hit=0.4616
2026-04-14 16:51:26,827 | INFO | novel_realworld_cache | Reinforce epoch 2/4 episode 2/4 complete | loss=1.997980 reward=192.0500 local_hit=0.3229 paper_hit=0.4847
2026-04-14 16:51:31,416 | INFO | novel_realworld_cache | Reinforce epoch 2/4 episode 3/4 complete | loss=0.367534 reward=185.3667 local_hit=0.3351 paper_hit=0.4942
2026-04-14 16:51:35,997 | INFO | novel_realworld_cache | Reinforce epoch 2/4 episode 4/4 complete | loss=1.029036 reward=192.8750 local_hit=0.3550 paper_hit=0.5218
2026-04-14 16:51:44,374 | INFO | novel_realworld_cache | Reinforce epoch 2/4 summary | loss=1.029036 reward=192.8750 local_hit=0.3550 paper_hit=0.5218 sel_reward=223.2333 sel_local=0.4347 sel_paper=0.5070 best_score=1633.7079
2026-04-14 16:51:49,578 | INFO | novel_realworld_cache | Reinforce epoch 3/4 episode 1/4 complete | loss=-0.845959 reward=196.9000 local_hit=0.3628 paper_hit=0.5037
2026-04-14 16:51:55,056 | INFO | novel_realworld_cache | Reinforce epoch 3/4 episode 2/4 complete | loss=1.369612 reward=196.7000 local_hit=0.3636 paper_hit=0.5224
2026-04-14 16:51:59,913 | INFO | novel_realworld_cache | Reinforce epoch 3/4 episode 3/4 complete | loss=1.099349 reward=214.8667 local_hit=0.3936 paper_hit=0.5294
2026-04-14 16:52:05,741 | INFO | novel_realworld_cache | Reinforce epoch 3/4 episode 4/4 complete | loss=0.586439 reward=219.6250 local_hit=0.3872 paper_hit=0.5478
2026-04-14 16:52:13,772 | INFO | novel_realworld_cache | Reinforce epoch 3/4 summary | loss=0.586439 reward=219.6250 local_hit=0.3872 paper_hit=0.5478 sel_reward=248.4667 sel_local=0.4223 sel_paper=0.4867 best_score=1633.7079
2026-04-14 16:52:18,378 | INFO | novel_realworld_cache | Reinforce epoch 4/4 episode 1/4 complete | loss=1.742302 reward=231.2000 local_hit=0.3989 paper_hit=0.5789
2026-04-14 16:52:22,955 | INFO | novel_realworld_cache | Reinforce epoch 4/4 episode 2/4 complete | loss=1.837573 reward=219.9500 local_hit=0.3661 paper_hit=0.5363
2026-04-14 16:52:28,451 | INFO | novel_realworld_cache | Reinforce epoch 4/4 episode 3/4 complete | loss=1.820010 reward=215.4667 local_hit=0.3522 paper_hit=0.5173
2026-04-14 16:52:33,623 | INFO | novel_realworld_cache | Reinforce epoch 4/4 episode 4/4 complete | loss=1.871460 reward=212.5750 local_hit=0.3508 paper_hit=0.5358
2026-04-14 16:52:41,691 | INFO | novel_realworld_cache | Reinforce epoch 4/4 summary | loss=1.871460 reward=212.5750 local_hit=0.3508 paper_hit=0.5358 sel_reward=303.1333 sel_local=0.5401 sel_paper=0.5982 best_score=1805.1296
2026-04-14 16:52:41,765 | INFO | novel_realworld_cache | Evaluating random baseline
2026-04-14 16:52:46,303 | INFO | novel_realworld_cache | Evaluating BSG-like baseline
2026-04-14 16:52:51,060 | INFO | novel_realworld_cache | Evaluating C-epsilon-greedy baseline
2026-04-14 16:52:55,578 | INFO | novel_realworld_cache | Evaluating cooperative teacher
2026-04-14 16:53:01,837 | INFO | novel_realworld_cache | Evaluating learned graph policy
2026-04-14 16:53:11,336 | INFO | novel_realworld_cache | Random: reward_mean=-310.1667 local_hit_mean=0.0047 paper_hit_mean=0.0244
2026-04-14 16:53:11,336 | INFO | novel_realworld_cache | BSG-like: reward_mean=-2.5333 local_hit_mean=0.0066 paper_hit_mean=0.0066
2026-04-14 16:53:11,336 | INFO | novel_realworld_cache | C-epsilon-greedy: reward_mean=49.8000 local_hit_mean=0.1820 paper_hit_mean=0.4008
2026-04-14 16:53:11,336 | INFO | novel_realworld_cache | Teacher: reward_mean=263.7000 local_hit_mean=0.4431 paper_hit_mean=0.6362
2026-04-14 16:53:11,336 | INFO | novel_realworld_cache | TemporalGraph: reward_mean=274.9333 local_hit_mean=0.4930 paper_hit_mean=0.5274
Random: reward_mean=-310.1667 local_hit_mean=0.0047 paper_hit_mean=0.0244
BSG-like: reward_mean=-2.5333 local_hit_mean=0.0066 paper_hit_mean=0.0066
C-epsilon-greedy: reward_mean=49.8000 local_hit_mean=0.1820 paper_hit_mean=0.4008
Teacher: reward_mean=263.7000 local_hit_mean=0.4431 paper_hit_mean=0.6362
TemporalGraph: reward_mean=274.9333 local_hit_mean=0.4930 paper_hit_mean=0.5274
Dataset: ml-100k
Saved outputs under: outputs/fast_100k_runs/temporalgraph_20260414_164742/novel_realworld_main
