2026-04-14 15:56:28,792 | INFO | novel_realworld_cache | Stage 1/5: loading ml-100k
2026-04-14 15:56:29,347 | INFO | novel_realworld_cache | Dataset ready | dataset=ml-100k ratings=100000 users=943
2026-04-14 15:56:29,347 | INFO | novel_realworld_cache | Stage 2/5: building real-world timestamp-aware temporal dataset
2026-04-14 15:56:32,585 | INFO | novel_realworld_cache | Temporal dataset ready | samples=92456 train=83642 val=8814
2026-04-14 15:56:32,585 | INFO | novel_realworld_cache | Stage 3/5: elastic federated training for real-world temporal encoder
2026-04-14 15:56:32,603 | INFO | novel_realworld_cache | Real-world temporal federated training started: rounds=3 clients_per_round=40 users=943
/home/rahul/miniforge3/lib/python3.12/site-packages/torch/nn/modules/transformer.py:531: UserWarning: The PyTorch API of nested tensors is in prototype stage and will change in the near future. We recommend specifying layout=torch.jagged when constructing a nested tensor, as this layout receives active development, has better operator coverage, and works with torch.compile. (Triggered internally at /pytorch/aten/src/ATen/NestedTensorImpl.cpp:178.)
  output = torch._nested_tensor_from_mask(
2026-04-14 15:57:11,455 | INFO | novel_realworld_cache | Real-world temporal round 1/3 | train_loss=26.932750 val_loss=19.881970
2026-04-14 15:57:48,066 | INFO | novel_realworld_cache | Real-world temporal round 2/3 | train_loss=25.362552 val_loss=19.152571
2026-04-14 15:58:25,506 | INFO | novel_realworld_cache | Real-world temporal round 3/3 | train_loss=24.959221 val_loss=18.292598
2026-04-14 15:58:25,515 | INFO | novel_realworld_cache | Stage 4/5: building novel real-world caching environment
2026-04-14 15:58:26,053 | INFO | novel_realworld_cache | Environment ready | node_dim=73 candidate_dim=42
2026-04-14 15:58:26,053 | INFO | novel_realworld_cache | Stage 5/5: training temporal-graph cooperative cache policy
2026-04-14 15:58:37,775 | INFO | novel_realworld_cache | Imitation epoch 1/8 episode 1/4 complete | teacher_forcing=0.900 reward=6.1350 local_hit=0.4149 paper_hit=0.4984
2026-04-14 15:58:53,215 | INFO | novel_realworld_cache | Imitation epoch 1/8 episode 2/4 complete | teacher_forcing=0.900 reward=6.4338 local_hit=0.4172 paper_hit=0.5211
2026-04-14 15:59:05,571 | INFO | novel_realworld_cache | Imitation epoch 1/8 episode 3/4 complete | teacher_forcing=0.900 reward=6.0858 local_hit=0.3889 paper_hit=0.5245
2026-04-14 15:59:17,095 | INFO | novel_realworld_cache | Imitation epoch 1/8 episode 4/4 complete | teacher_forcing=0.900 reward=6.4225 local_hit=0.4074 paper_hit=0.5463
2026-04-14 15:59:47,354 | INFO | novel_realworld_cache | Imitation epoch 1/8 summary | loss=2.107873 reward=6.4225 local_hit=0.4074 paper_hit=0.5463 sel_reward=254.1667 sel_local=0.4266 sel_paper=0.5108 best_score=1263.2810
2026-04-14 15:59:59,897 | INFO | novel_realworld_cache | Imitation epoch 2/8 episode 1/4 complete | teacher_forcing=0.779 reward=4.9400 local_hit=0.3513 paper_hit=0.5166
2026-04-14 16:00:12,096 | INFO | novel_realworld_cache | Imitation epoch 2/8 episode 2/4 complete | teacher_forcing=0.779 reward=6.1387 local_hit=0.4357 paper_hit=0.5565
2026-04-14 16:00:21,955 | INFO | novel_realworld_cache | Imitation epoch 2/8 episode 3/4 complete | teacher_forcing=0.779 reward=6.2600 local_hit=0.4519 paper_hit=0.5721
2026-04-14 16:00:25,381 | INFO | novel_realworld_cache | Imitation epoch 2/8 episode 4/4 complete | teacher_forcing=0.779 reward=6.0850 local_hit=0.4417 paper_hit=0.5633
2026-04-14 16:00:33,339 | INFO | novel_realworld_cache | Imitation epoch 2/8 summary | loss=1.948546 reward=6.0850 local_hit=0.4417 paper_hit=0.5633 sel_reward=304.8000 sel_local=0.5155 sel_paper=0.5744 best_score=1449.4197
2026-04-14 16:00:36,178 | INFO | novel_realworld_cache | Imitation epoch 3/8 episode 1/4 complete | teacher_forcing=0.657 reward=6.3850 local_hit=0.3826 paper_hit=0.5253
2026-04-14 16:00:39,287 | INFO | novel_realworld_cache | Imitation epoch 3/8 episode 2/4 complete | teacher_forcing=0.657 reward=5.6987 local_hit=0.3750 paper_hit=0.4944
2026-04-14 16:00:42,463 | INFO | novel_realworld_cache | Imitation epoch 3/8 episode 3/4 complete | teacher_forcing=0.657 reward=5.5775 local_hit=0.3921 paper_hit=0.5004
2026-04-14 16:00:45,904 | INFO | novel_realworld_cache | Imitation epoch 3/8 episode 4/4 complete | teacher_forcing=0.657 reward=5.1956 local_hit=0.3886 paper_hit=0.4919
2026-04-14 16:00:55,841 | INFO | novel_realworld_cache | Imitation epoch 3/8 summary | loss=1.910646 reward=5.1956 local_hit=0.3886 paper_hit=0.4919 sel_reward=251.2333 sel_local=0.4603 sel_paper=0.5298 best_score=1449.4197
2026-04-14 16:00:59,647 | INFO | novel_realworld_cache | Imitation epoch 4/8 episode 1/4 complete | teacher_forcing=0.536 reward=7.1250 local_hit=0.5204 paper_hit=0.5996
2026-04-14 16:01:03,933 | INFO | novel_realworld_cache | Imitation epoch 4/8 episode 2/4 complete | teacher_forcing=0.536 reward=6.5100 local_hit=0.4386 paper_hit=0.5000
2026-04-14 16:01:07,880 | INFO | novel_realworld_cache | Imitation epoch 4/8 episode 3/4 complete | teacher_forcing=0.536 reward=6.6233 local_hit=0.4468 paper_hit=0.5290
2026-04-14 16:01:11,323 | INFO | novel_realworld_cache | Imitation epoch 4/8 episode 4/4 complete | teacher_forcing=0.536 reward=6.6731 local_hit=0.4476 paper_hit=0.5273
2026-04-14 16:01:22,700 | INFO | novel_realworld_cache | Imitation epoch 4/8 summary | loss=1.935460 reward=6.6731 local_hit=0.4476 paper_hit=0.5273 sel_reward=290.5333 sel_local=0.4798 sel_paper=0.5485 best_score=1449.4197
2026-04-14 16:01:28,263 | INFO | novel_realworld_cache | Imitation epoch 5/8 episode 1/4 complete | teacher_forcing=0.414 reward=7.4975 local_hit=0.5654 paper_hit=0.6357
2026-04-14 16:01:33,662 | INFO | novel_realworld_cache | Imitation epoch 5/8 episode 2/4 complete | teacher_forcing=0.414 reward=7.1363 local_hit=0.5186 paper_hit=0.6056
