2026-03-17 03:20:11,162 | INFO | novel_realworld_cache | Stage 1/5: loading ml-1m
2026-03-17 03:20:14,539 | INFO | novel_realworld_cache | Dataset ready | dataset=ml-1m ratings=1000209 users=6040
2026-03-17 03:20:14,540 | INFO | novel_realworld_cache | Stage 2/5: skipping temporal dataset build because checkpoint was provided
2026-03-17 03:20:14,540 | INFO | novel_realworld_cache | Stage 3/5: loading temporal checkpoint outputs/novel_realworld_ml1m_final/realworld_temporal_encoder.pt
2026-03-17 03:20:14,666 | INFO | novel_realworld_cache | Stage 4/5: building novel real-world caching environment
2026-03-17 03:20:17,565 | INFO | novel_realworld_cache | Environment ready | node_dim=137 candidate_dim=70
2026-03-17 03:20:17,565 | INFO | novel_realworld_cache | Stage 5/5: training temporal-graph cooperative cache policy
2026-03-17 03:20:27,487 | INFO | novel_realworld_cache | Imitation epoch 1/1 episode 1/1 complete | teacher_forcing=0.900 reward=2.5000 local_hit=0.2528 paper_hit=0.2528
2026-03-17 03:20:27,508 | INFO | novel_realworld_cache | Imitation epoch 1/1 summary | loss=3.407352 reward=2.5000 local_hit=0.2528 paper_hit=0.2528 best_score=192.0833
2026-03-17 03:20:27,542 | INFO | novel_realworld_cache | Evaluating random baseline
2026-03-17 03:20:30,918 | INFO | novel_realworld_cache | Evaluating BSG-like baseline
2026-03-17 03:20:35,505 | INFO | novel_realworld_cache | Evaluating C-epsilon-greedy baseline
2026-03-17 03:20:36,462 | INFO | novel_realworld_cache | Evaluating cooperative teacher
2026-03-17 03:20:42,832 | INFO | novel_realworld_cache | Evaluating learned graph policy
2026-03-17 03:20:47,664 | INFO | novel_realworld_cache | Ablations: graph=on temporal=on mobility=on trend=on teacher_score_loss_weight=0.500 decode_diversity_penalty=0.350
2026-03-17 03:20:47,665 | INFO | novel_realworld_cache | Random: reward_mean=-47.7000 local_hit_mean=0.0000 paper_hit_mean=0.0000
2026-03-17 03:20:47,665 | INFO | novel_realworld_cache | BSG-like: reward_mean=-4.7000 local_hit_mean=0.0000 paper_hit_mean=0.0000
2026-03-17 03:20:47,665 | INFO | novel_realworld_cache | C-epsilon-greedy: reward_mean=-25.9000 local_hit_mean=0.0000 paper_hit_mean=0.0000
2026-03-17 03:20:47,665 | INFO | novel_realworld_cache | Teacher: reward_mean=1.4000 local_hit_mean=0.0250 paper_hit_mean=0.0250
2026-03-17 03:20:47,665 | INFO | novel_realworld_cache | TemporalGraph: reward_mean=24.3000 local_hit_mean=0.1701 paper_hit_mean=0.1701
Ablations: graph=on temporal=on mobility=on trend=on teacher_score_loss_weight=0.500 decode_diversity_penalty=0.350
Random: reward_mean=-47.7000 local_hit_mean=0.0000 paper_hit_mean=0.0000
BSG-like: reward_mean=-4.7000 local_hit_mean=0.0000 paper_hit_mean=0.0000
C-epsilon-greedy: reward_mean=-25.9000 local_hit_mean=0.0000 paper_hit_mean=0.0000
Teacher: reward_mean=1.4000 local_hit_mean=0.0250 paper_hit_mean=0.0250
TemporalGraph: reward_mean=24.3000 local_hit_mean=0.1701 paper_hit_mean=0.1701
Dataset: ml-1m
Saved outputs under: outputs/ablation_novel_ml1m_smoke/full
