2026-03-17 03:22:41,112 | INFO | novel_realworld_cache | Stage 1/5: loading ml-1m
2026-03-17 03:22:45,741 | INFO | novel_realworld_cache | Dataset ready | dataset=ml-1m ratings=1000209 users=6040
2026-03-17 03:22:45,742 | INFO | novel_realworld_cache | Stage 2/5: skipping temporal dataset build because checkpoint was provided
2026-03-17 03:22:45,742 | INFO | novel_realworld_cache | Stage 3/5: loading temporal checkpoint outputs/novel_realworld_ml1m_final/realworld_temporal_encoder.pt
2026-03-17 03:22:45,884 | INFO | novel_realworld_cache | Stage 4/5: building novel real-world caching environment
2026-03-17 03:22:47,925 | INFO | novel_realworld_cache | Environment ready | node_dim=137 candidate_dim=70
2026-03-17 03:22:47,926 | INFO | novel_realworld_cache | Stage 5/5: training temporal-graph cooperative cache policy
2026-03-17 03:23:05,923 | INFO | novel_realworld_cache | Imitation epoch 1/1 episode 1/1 complete | teacher_forcing=0.900 reward=-0.1800 local_hit=0.0000 paper_hit=0.0250
2026-03-17 03:23:06,013 | INFO | novel_realworld_cache | Imitation epoch 1/1 summary | loss=2.530971 reward=-0.1800 local_hit=0.0000 paper_hit=0.0250 best_score=6.0700
2026-03-17 03:23:06,088 | INFO | novel_realworld_cache | Evaluating random baseline
2026-03-17 03:23:09,344 | INFO | novel_realworld_cache | Evaluating BSG-like baseline
2026-03-17 03:23:10,982 | INFO | novel_realworld_cache | Evaluating C-epsilon-greedy baseline
2026-03-17 03:23:15,681 | INFO | novel_realworld_cache | Evaluating cooperative teacher
2026-03-17 03:23:18,539 | INFO | novel_realworld_cache | Evaluating learned graph policy
2026-03-17 03:23:24,727 | INFO | novel_realworld_cache | Ablations: graph=on temporal=on mobility=on trend=off teacher_score_loss_weight=0.500 decode_diversity_penalty=0.350
2026-03-17 03:23:24,727 | INFO | novel_realworld_cache | Random: reward_mean=-47.7000 local_hit_mean=0.0000 paper_hit_mean=0.0000
2026-03-17 03:23:24,727 | INFO | novel_realworld_cache | BSG-like: reward_mean=3.3000 local_hit_mean=0.0700 paper_hit_mean=0.0700
2026-03-17 03:23:24,727 | INFO | novel_realworld_cache | C-epsilon-greedy: reward_mean=-16.3000 local_hit_mean=0.0367 paper_hit_mean=0.0367
2026-03-17 03:23:24,727 | INFO | novel_realworld_cache | Teacher: reward_mean=-2.4000 local_hit_mean=0.0000 paper_hit_mean=0.0000
2026-03-17 03:23:24,727 | INFO | novel_realworld_cache | TemporalGraph: reward_mean=0.5000 local_hit_mean=0.0333 paper_hit_mean=0.0333
Ablations: graph=on temporal=on mobility=on trend=off teacher_score_loss_weight=0.500 decode_diversity_penalty=0.350
Random: reward_mean=-47.7000 local_hit_mean=0.0000 paper_hit_mean=0.0000
BSG-like: reward_mean=3.3000 local_hit_mean=0.0700 paper_hit_mean=0.0700
C-epsilon-greedy: reward_mean=-16.3000 local_hit_mean=0.0367 paper_hit_mean=0.0367
Teacher: reward_mean=-2.4000 local_hit_mean=0.0000 paper_hit_mean=0.0000
TemporalGraph: reward_mean=0.5000 local_hit_mean=0.0333 paper_hit_mean=0.0333
Dataset: ml-1m
Saved outputs under: outputs/ablation_novel_ml1m_smoke/no_trend
