2026-03-17 03:21:32,899 | INFO | novel_realworld_cache | Stage 1/5: loading ml-1m
2026-03-17 03:21:36,224 | INFO | novel_realworld_cache | Dataset ready | dataset=ml-1m ratings=1000209 users=6040
2026-03-17 03:21:36,224 | INFO | novel_realworld_cache | Stage 2/5: skipping temporal dataset build because checkpoint was provided
2026-03-17 03:21:36,225 | INFO | novel_realworld_cache | Stage 3/5: loading temporal checkpoint outputs/novel_realworld_ml1m_final/realworld_temporal_encoder.pt
2026-03-17 03:21:36,336 | INFO | novel_realworld_cache | Stage 4/5: building novel real-world caching environment
2026-03-17 03:21:37,922 | INFO | novel_realworld_cache | Environment ready | node_dim=137 candidate_dim=70
2026-03-17 03:21:37,922 | INFO | novel_realworld_cache | Stage 5/5: training temporal-graph cooperative cache policy
2026-03-17 03:21:40,802 | INFO | novel_realworld_cache | Imitation epoch 1/1 episode 1/1 complete | teacher_forcing=0.900 reward=3.8200 local_hit=0.2278 paper_hit=0.2611
2026-03-17 03:21:40,875 | INFO | novel_realworld_cache | Imitation epoch 1/1 summary | loss=3.037737 reward=3.8200 local_hit=0.2278 paper_hit=0.2611 best_score=182.9867
2026-03-17 03:21:40,911 | INFO | novel_realworld_cache | Evaluating random baseline
2026-03-17 03:21:41,319 | INFO | novel_realworld_cache | Evaluating BSG-like baseline
2026-03-17 03:21:41,495 | INFO | novel_realworld_cache | Evaluating C-epsilon-greedy baseline
2026-03-17 03:21:41,661 | INFO | novel_realworld_cache | Evaluating cooperative teacher
2026-03-17 03:21:41,918 | INFO | novel_realworld_cache | Evaluating learned graph policy
2026-03-17 03:21:43,184 | INFO | novel_realworld_cache | Ablations: graph=on temporal=off mobility=on trend=on teacher_score_loss_weight=0.500 decode_diversity_penalty=0.350
2026-03-17 03:21:43,184 | INFO | novel_realworld_cache | Random: reward_mean=-47.7000 local_hit_mean=0.0000 paper_hit_mean=0.0000
2026-03-17 03:21:43,184 | INFO | novel_realworld_cache | BSG-like: reward_mean=43.7000 local_hit_mean=0.2405 paper_hit_mean=0.2405
2026-03-17 03:21:43,184 | INFO | novel_realworld_cache | C-epsilon-greedy: reward_mean=3.8000 local_hit_mean=0.1652 paper_hit_mean=0.1652
2026-03-17 03:21:43,184 | INFO | novel_realworld_cache | Teacher: reward_mean=23.3000 local_hit_mean=0.1810 paper_hit_mean=0.2343
2026-03-17 03:21:43,184 | INFO | novel_realworld_cache | TemporalGraph: reward_mean=43.5000 local_hit_mean=0.3101 paper_hit_mean=0.3844
Ablations: graph=on temporal=off mobility=on trend=on teacher_score_loss_weight=0.500 decode_diversity_penalty=0.350
Random: reward_mean=-47.7000 local_hit_mean=0.0000 paper_hit_mean=0.0000
BSG-like: reward_mean=43.7000 local_hit_mean=0.2405 paper_hit_mean=0.2405
C-epsilon-greedy: reward_mean=3.8000 local_hit_mean=0.1652 paper_hit_mean=0.1652
Teacher: reward_mean=23.3000 local_hit_mean=0.1810 paper_hit_mean=0.2343
TemporalGraph: reward_mean=43.5000 local_hit_mean=0.3101 paper_hit_mean=0.3844
Dataset: ml-1m
Saved outputs under: outputs/ablation_novel_ml1m_smoke/no_temporal
