2026-04-17 03:38:18,233 | INFO | related_work_compare | Stage 1/4: loading dataset ml-100k
2026-04-17 03:38:18,384 | INFO | related_work_compare | Stage 2/4: loading trained temporal encoder from outputs/fast_100k_runs/temporalgraph_20260417_033405/novel_realworld_main/realworld_temporal_encoder.pt
2026-04-17 03:38:18,403 | INFO | related_work_compare | Loaded compatible outputs/fast_100k_runs/temporalgraph_20260417_033405/novel_realworld_main/realworld_temporal_encoder.pt | matched=5 skipped=60
2026-04-17 03:38:18,403 | INFO | related_work_compare | Skipped temporal keys: mask_token, pos_embed, embed.weight, user_embed.weight, hour_embed.weight, time2vec.periodic.weight, time2vec.periodic.bias, temporal_kernel_proj.0.weight ...
2026-04-17 03:38:18,403 | INFO | related_work_compare | Stage 3/4: building evaluation environment
/home/rahul/miniforge3/lib/python3.12/site-packages/torch/nn/modules/transformer.py:531: UserWarning: The PyTorch API of nested tensors is in prototype stage and will change in the near future. We recommend specifying layout=torch.jagged when constructing a nested tensor, as this layout receives active development, has better operator coverage, and works with torch.compile. (Triggered internally at /pytorch/aten/src/ATen/NestedTensorImpl.cpp:178.)
  output = torch._nested_tensor_from_mask(
2026-04-17 03:38:18,582 | INFO | related_work_compare | Environment ready | node_dim=137 candidate_dim=74
2026-04-17 03:38:18,582 | INFO | related_work_compare | Stage 4/4: evaluating our method and paper-inspired baselines
2026-04-17 03:38:18,588 | INFO | related_work_compare | Evaluating TemporalGraph in the same fresh harness as the paper-inspired baselines
2026-04-17 03:38:25,482 | INFO | related_work_compare | Evaluating MAAFDRL baseline
2026-04-17 03:38:26,926 | INFO | related_work_compare | MAAFDRL episode 1/3 | reward=130.5000 local=0.3352 neighbor=0.0934 cloud=0.4964 paper_hit=0.4286
2026-04-17 03:38:28,374 | INFO | related_work_compare | MAAFDRL episode 2/3 | reward=98.5000 local=0.2008 neighbor=0.0601 cloud=0.6392 paper_hit=0.2608
2026-04-17 03:38:29,784 | INFO | related_work_compare | MAAFDRL episode 3/3 | reward=97.7000 local=0.2165 neighbor=0.1085 cloud=0.6000 paper_hit=0.3250
2026-04-17 03:38:29,785 | INFO | related_work_compare | Evaluating Thompson baseline
2026-04-17 03:38:31,214 | INFO | related_work_compare | Thompson episode 1/3 | reward=-107.9000 local=0.0000 neighbor=0.0204 cloud=0.9296 paper_hit=0.0204
2026-04-17 03:38:32,534 | INFO | related_work_compare | Thompson episode 2/3 | reward=-110.6000 local=0.0000 neighbor=0.0050 cloud=0.8950 paper_hit=0.0050
2026-04-17 03:38:33,927 | INFO | related_work_compare | Thompson episode 3/3 | reward=-108.7000 local=0.0000 neighbor=0.0177 cloud=0.9323 paper_hit=0.0177
2026-04-17 03:38:33,927 | INFO | related_work_compare | Evaluating LFU baseline
2026-04-17 03:38:35,229 | INFO | related_work_compare | LFU episode 1/3 | reward=143.2000 local=0.2630 neighbor=0.0935 cloud=0.5936 paper_hit=0.3564
2026-04-17 03:38:36,552 | INFO | related_work_compare | LFU episode 2/3 | reward=138.2000 local=0.2409 neighbor=0.0517 cloud=0.6574 paper_hit=0.2926
2026-04-17 03:38:37,868 | INFO | related_work_compare | LFU episode 3/3 | reward=101.2000 local=0.1938 neighbor=0.0829 cloud=0.6733 paper_hit=0.2767
2026-04-17 03:38:37,868 | INFO | related_work_compare | Evaluating LRU baseline
2026-04-17 03:38:39,261 | INFO | related_work_compare | LRU episode 1/3 | reward=53.0000 local=0.1323 neighbor=0.0601 cloud=0.7826 paper_hit=0.1924
2026-04-17 03:38:40,685 | INFO | related_work_compare | LRU episode 2/3 | reward=84.5000 local=0.1395 neighbor=0.0832 cloud=0.7023 paper_hit=0.2227
2026-04-17 03:38:42,501 | INFO | related_work_compare | LRU episode 3/3 | reward=154.8000 local=0.2601 neighbor=0.0889 cloud=0.5761 paper_hit=0.3489
2026-04-17 03:38:43,475 | INFO | related_work_compare | TemporalGraph: reward_mean=294.9667 local_hit_mean=0.4719 paper_hit_mean=0.5291 cloud_fetch_mean=0.4209
2026-04-17 03:38:43,475 | INFO | related_work_compare | MAAFDRL: reward_mean=108.9000 local_hit_mean=0.2508 paper_hit_mean=0.3381 cloud_fetch_mean=0.5785
2026-04-17 03:38:43,475 | INFO | related_work_compare | Thompson: reward_mean=-109.0667 local_hit_mean=0.0000 paper_hit_mean=0.0144 cloud_fetch_mean=0.9190
2026-04-17 03:38:43,475 | INFO | related_work_compare | LFU: reward_mean=127.5333 local_hit_mean=0.2325 paper_hit_mean=0.3086 cloud_fetch_mean=0.6414
2026-04-17 03:38:43,475 | INFO | related_work_compare | LRU: reward_mean=97.4333 local_hit_mean=0.1773 paper_hit_mean=0.2547 cloud_fetch_mean=0.6870
