2026-03-17 03:17:21,514 | INFO | novel_realworld_cache | Stage 1/5: loading ml-1m
2026-03-17 03:17:27,194 | INFO | novel_realworld_cache | Dataset ready | dataset=ml-1m ratings=1000209 users=6040
2026-03-17 03:17:27,201 | INFO | novel_realworld_cache | Stage 2/5: skipping temporal dataset build because checkpoint was provided
2026-03-17 03:17:27,201 | INFO | novel_realworld_cache | Stage 3/5: loading temporal checkpoint outputs/novel_realworld_ml1m_final/realworld_temporal_encoder.pt
2026-03-17 03:17:27,339 | INFO | novel_realworld_cache | Stage 4/5: building novel real-world caching environment
2026-03-17 03:17:34,176 | INFO | novel_realworld_cache | Environment ready | node_dim=137 candidate_dim=70
2026-03-17 03:17:34,176 | INFO | novel_realworld_cache | Stage 5/5: training temporal-graph cooperative cache policy
2026-03-17 03:18:55,374 | INFO | novel_realworld_cache | Imitation epoch 1/3 episode 2/2 complete | teacher_forcing=0.900 reward=3.0750 local_hit=0.0853 paper_hit=0.1572
2026-03-17 03:18:55,391 | INFO | novel_realworld_cache | Imitation epoch 1/3 summary | loss=3.095963 reward=3.0750 local_hit=0.0853 paper_hit=0.1572 best_score=85.0383
2026-03-17 03:22:02,200 | INFO | novel_realworld_cache | Imitation epoch 2/3 episode 2/2 complete | teacher_forcing=0.550 reward=3.6833 local_hit=0.1169 paper_hit=0.1610
2026-03-17 03:22:02,227 | INFO | novel_realworld_cache | Imitation epoch 2/3 summary | loss=2.976744 reward=3.6833 local_hit=0.1169 paper_hit=0.1610 best_score=102.3595
2026-03-17 03:24:48,385 | INFO | novel_realworld_cache | Imitation epoch 3/3 episode 2/2 complete | teacher_forcing=0.200 reward=2.7850 local_hit=0.0832 paper_hit=0.1066
2026-03-17 03:24:48,387 | INFO | novel_realworld_cache | Imitation epoch 3/3 summary | loss=2.923695 reward=2.7850 local_hit=0.0832 paper_hit=0.1066 best_score=102.3595
2026-03-17 03:24:48,435 | INFO | novel_realworld_cache | Evaluating random baseline
2026-03-17 03:27:05,152 | INFO | novel_realworld_cache | Evaluating BSG-like baseline
2026-03-17 03:28:10,172 | INFO | novel_realworld_cache | Evaluating C-epsilon-greedy baseline
2026-03-17 03:28:46,308 | INFO | novel_realworld_cache | Evaluating cooperative teacher
2026-03-17 03:29:30,468 | INFO | novel_realworld_cache | Evaluating learned graph policy
2026-03-17 03:30:11,118 | INFO | novel_realworld_cache | Ablations: graph=on temporal=on mobility=on trend=on teacher_score_loss_weight=0.500 decode_diversity_penalty=0.350
2026-03-17 03:30:11,118 | INFO | novel_realworld_cache | Random: reward_mean=-469.9000 local_hit_mean=0.0065 paper_hit_mean=0.0121
2026-03-17 03:30:11,118 | INFO | novel_realworld_cache | BSG-like: reward_mean=12.9500 local_hit_mean=0.0230 paper_hit_mean=0.0230
2026-03-17 03:30:11,118 | INFO | novel_realworld_cache | C-epsilon-greedy: reward_mean=-91.3000 local_hit_mean=0.0445 paper_hit_mean=0.0689
2026-03-17 03:30:11,118 | INFO | novel_realworld_cache | Teacher: reward_mean=86.9000 local_hit_mean=0.0910 paper_hit_mean=0.1413
2026-03-17 03:30:11,118 | INFO | novel_realworld_cache | TemporalGraph: reward_mean=108.2500 local_hit_mean=0.1164 paper_hit_mean=0.1290
Ablations: graph=on temporal=on mobility=on trend=on teacher_score_loss_weight=0.500 decode_diversity_penalty=0.350
Random: reward_mean=-469.9000 local_hit_mean=0.0065 paper_hit_mean=0.0121
BSG-like: reward_mean=12.9500 local_hit_mean=0.0230 paper_hit_mean=0.0230
C-epsilon-greedy: reward_mean=-91.3000 local_hit_mean=0.0445 paper_hit_mean=0.0689
Teacher: reward_mean=86.9000 local_hit_mean=0.0910 paper_hit_mean=0.1413
TemporalGraph: reward_mean=108.2500 local_hit_mean=0.1164 paper_hit_mean=0.1290
Dataset: ml-1m
Saved outputs under: outputs/ablation_novel_ml1m_quick/full
