2026-03-17 03:49:44,776 | INFO | novel_realworld_cache | Stage 1/5: loading ml-1m
2026-03-17 03:49:47,364 | INFO | novel_realworld_cache | Dataset ready | dataset=ml-1m ratings=1000209 users=6040
2026-03-17 03:49:47,364 | INFO | novel_realworld_cache | Stage 2/5: skipping temporal dataset build because checkpoint was provided
2026-03-17 03:49:47,364 | INFO | novel_realworld_cache | Stage 3/5: loading temporal checkpoint outputs/novel_realworld_ml1m_final/realworld_temporal_encoder.pt
2026-03-17 03:49:47,465 | INFO | novel_realworld_cache | Stage 4/5: building novel real-world caching environment
2026-03-17 03:49:49,834 | INFO | novel_realworld_cache | Environment ready | node_dim=137 candidate_dim=72
2026-03-17 03:49:49,835 | INFO | novel_realworld_cache | Stage 5/5: training temporal-graph cooperative cache policy
2026-03-17 03:50:10,541 | INFO | novel_realworld_cache | Imitation epoch 1/3 episode 2/2 complete | teacher_forcing=0.900 reward=2.4625 local_hit=0.0733 paper_hit=0.1461
2026-03-17 03:50:10,548 | INFO | novel_realworld_cache | Imitation epoch 1/3 summary | loss=0.555591 reward=2.4625 local_hit=0.0733 paper_hit=0.1461 best_score=75.6257
2026-03-17 03:50:34,835 | INFO | novel_realworld_cache | Imitation epoch 2/3 episode 2/2 complete | teacher_forcing=0.550 reward=2.4913 local_hit=0.0958 paper_hit=0.1624
2026-03-17 03:50:34,837 | INFO | novel_realworld_cache | Imitation epoch 2/3 summary | loss=0.321417 reward=2.4913 local_hit=0.0958 paper_hit=0.1624 best_score=90.9844
2026-03-17 03:50:56,574 | INFO | novel_realworld_cache | Imitation epoch 3/3 episode 2/2 complete | teacher_forcing=0.200 reward=2.3313 local_hit=0.0730 paper_hit=0.1155
2026-03-17 03:50:56,575 | INFO | novel_realworld_cache | Imitation epoch 3/3 summary | loss=0.286285 reward=2.3313 local_hit=0.0730 paper_hit=0.1155 best_score=90.9844
2026-03-17 03:50:56,594 | INFO | novel_realworld_cache | Evaluating random baseline
2026-03-17 03:51:16,942 | INFO | novel_realworld_cache | Evaluating BSG-like baseline
2026-03-17 03:51:31,396 | INFO | novel_realworld_cache | Evaluating C-epsilon-greedy baseline
2026-03-17 03:51:43,358 | INFO | novel_realworld_cache | Evaluating cooperative teacher
2026-03-17 03:51:55,996 | INFO | novel_realworld_cache | Evaluating learned graph policy
2026-03-17 03:52:12,724 | INFO | novel_realworld_cache | Ablations: graph=on temporal=on mobility=on trend=on teacher_score_loss_weight=0.000 decode_diversity_penalty=0.350
2026-03-17 03:52:12,724 | INFO | novel_realworld_cache | Random: reward_mean=-630.5000 local_hit_mean=0.0030 paper_hit_mean=0.0086
2026-03-17 03:52:12,724 | INFO | novel_realworld_cache | BSG-like: reward_mean=24.9500 local_hit_mean=0.0337 paper_hit_mean=0.0337
2026-03-17 03:52:12,724 | INFO | novel_realworld_cache | C-epsilon-greedy: reward_mean=-127.4500 local_hit_mean=0.0432 paper_hit_mean=0.0632
2026-03-17 03:52:12,725 | INFO | novel_realworld_cache | Teacher: reward_mean=93.9000 local_hit_mean=0.0818 paper_hit_mean=0.1428
2026-03-17 03:52:12,725 | INFO | novel_realworld_cache | TemporalGraph: reward_mean=83.4000 local_hit_mean=0.0567 paper_hit_mean=0.1073
Ablations: graph=on temporal=on mobility=on trend=on teacher_score_loss_weight=0.000 decode_diversity_penalty=0.350
Random: reward_mean=-630.5000 local_hit_mean=0.0030 paper_hit_mean=0.0086
BSG-like: reward_mean=24.9500 local_hit_mean=0.0337 paper_hit_mean=0.0337
C-epsilon-greedy: reward_mean=-127.4500 local_hit_mean=0.0432 paper_hit_mean=0.0632
Teacher: reward_mean=93.9000 local_hit_mean=0.0818 paper_hit_mean=0.1428
TemporalGraph: reward_mean=83.4000 local_hit_mean=0.0567 paper_hit_mean=0.1073
Dataset: ml-1m
Saved outputs under: outputs/ablation_novel_ml1m_quick/no_score_distill
