2026-03-17 03:44:25,836 | INFO | novel_realworld_cache | Stage 1/5: loading ml-1m
2026-03-17 03:44:29,305 | INFO | novel_realworld_cache | Dataset ready | dataset=ml-1m ratings=1000209 users=6040
2026-03-17 03:44:29,305 | INFO | novel_realworld_cache | Stage 2/5: skipping temporal dataset build because checkpoint was provided
2026-03-17 03:44:29,305 | INFO | novel_realworld_cache | Stage 3/5: loading temporal checkpoint outputs/novel_realworld_ml1m_final/realworld_temporal_encoder.pt
2026-03-17 03:44:29,479 | INFO | novel_realworld_cache | Stage 4/5: building novel real-world caching environment
2026-03-17 03:44:32,637 | INFO | novel_realworld_cache | Environment ready | node_dim=137 candidate_dim=72
2026-03-17 03:44:32,638 | INFO | novel_realworld_cache | Stage 5/5: training temporal-graph cooperative cache policy
2026-03-17 03:45:19,187 | INFO | novel_realworld_cache | Imitation epoch 1/3 episode 2/2 complete | teacher_forcing=0.900 reward=0.4050 local_hit=0.0271 paper_hit=0.0592
2026-03-17 03:45:19,254 | INFO | novel_realworld_cache | Imitation epoch 1/3 summary | loss=2.750245 reward=0.4050 local_hit=0.0271 paper_hit=0.0592 best_score=28.7619
2026-03-17 03:46:03,042 | INFO | novel_realworld_cache | Imitation epoch 2/3 episode 2/2 complete | teacher_forcing=0.550 reward=0.1700 local_hit=0.0198 paper_hit=0.0475
2026-03-17 03:46:03,043 | INFO | novel_realworld_cache | Imitation epoch 2/3 summary | loss=2.717836 reward=0.1700 local_hit=0.0198 paper_hit=0.0475 best_score=28.7619
2026-03-17 03:47:01,599 | INFO | novel_realworld_cache | Imitation epoch 3/3 episode 2/2 complete | teacher_forcing=0.200 reward=0.3150 local_hit=0.0214 paper_hit=0.0456
2026-03-17 03:47:01,606 | INFO | novel_realworld_cache | Imitation epoch 3/3 summary | loss=2.700857 reward=0.3150 local_hit=0.0214 paper_hit=0.0456 best_score=28.7619
2026-03-17 03:47:01,653 | INFO | novel_realworld_cache | Evaluating random baseline
2026-03-17 03:47:37,323 | INFO | novel_realworld_cache | Evaluating BSG-like baseline
2026-03-17 03:48:19,290 | INFO | novel_realworld_cache | Evaluating C-epsilon-greedy baseline
2026-03-17 03:48:50,484 | INFO | novel_realworld_cache | Evaluating cooperative teacher
2026-03-17 03:49:25,516 | INFO | novel_realworld_cache | Evaluating learned graph policy
2026-03-17 03:49:40,867 | INFO | novel_realworld_cache | Ablations: graph=on temporal=on mobility=on trend=off teacher_score_loss_weight=0.500 decode_diversity_penalty=0.350
2026-03-17 03:49:40,867 | INFO | novel_realworld_cache | Random: reward_mean=-629.5500 local_hit_mean=0.0008 paper_hit_mean=0.0225
2026-03-17 03:49:40,867 | INFO | novel_realworld_cache | BSG-like: reward_mean=12.8500 local_hit_mean=0.0157 paper_hit_mean=0.0157
2026-03-17 03:49:40,867 | INFO | novel_realworld_cache | C-epsilon-greedy: reward_mean=-180.9000 local_hit_mean=0.0126 paper_hit_mean=0.0547
2026-03-17 03:49:40,867 | INFO | novel_realworld_cache | Teacher: reward_mean=13.8500 local_hit_mean=0.0222 paper_hit_mean=0.0483
2026-03-17 03:49:40,867 | INFO | novel_realworld_cache | TemporalGraph: reward_mean=19.3000 local_hit_mean=0.0276 paper_hit_mean=0.0441
Ablations: graph=on temporal=on mobility=on trend=off teacher_score_loss_weight=0.500 decode_diversity_penalty=0.350
Random: reward_mean=-629.5500 local_hit_mean=0.0008 paper_hit_mean=0.0225
BSG-like: reward_mean=12.8500 local_hit_mean=0.0157 paper_hit_mean=0.0157
C-epsilon-greedy: reward_mean=-180.9000 local_hit_mean=0.0126 paper_hit_mean=0.0547
Teacher: reward_mean=13.8500 local_hit_mean=0.0222 paper_hit_mean=0.0483
TemporalGraph: reward_mean=19.3000 local_hit_mean=0.0276 paper_hit_mean=0.0441
Dataset: ml-1m
Saved outputs under: outputs/ablation_novel_ml1m_quick/no_trend
