2026-04-14 17:12:01,735 | INFO | related_work_compare | Stage 1/4: loading dataset ml-100k
2026-04-14 17:12:02,038 | INFO | related_work_compare | Stage 2/4: loading trained temporal encoder from outputs/fast_100k_runs/temporalgraph_20260414_170623/novel_realworld_main/realworld_temporal_encoder.pt
2026-04-14 17:12:02,088 | INFO | related_work_compare | Loaded compatible outputs/fast_100k_runs/temporalgraph_20260414_170623/novel_realworld_main/realworld_temporal_encoder.pt | matched=5 skipped=60
2026-04-14 17:12:02,088 | INFO | related_work_compare | Skipped temporal keys: mask_token, pos_embed, embed.weight, user_embed.weight, hour_embed.weight, time2vec.periodic.weight, time2vec.periodic.bias, temporal_kernel_proj.0.weight ...
2026-04-14 17:12:02,088 | INFO | related_work_compare | Stage 3/4: building evaluation environment
/home/rahul/miniforge3/lib/python3.12/site-packages/torch/nn/modules/transformer.py:531: UserWarning: The PyTorch API of nested tensors is in prototype stage and will change in the near future. We recommend specifying layout=torch.jagged when constructing a nested tensor, as this layout receives active development, has better operator coverage, and works with torch.compile. (Triggered internally at /pytorch/aten/src/ATen/NestedTensorImpl.cpp:178.)
  output = torch._nested_tensor_from_mask(
2026-04-14 17:12:02,366 | INFO | related_work_compare | Environment ready | node_dim=137 candidate_dim=74
2026-04-14 17:12:02,366 | INFO | related_work_compare | Stage 4/4: evaluating our method and paper-inspired baselines
2026-04-14 17:12:02,373 | INFO | related_work_compare | Evaluating TemporalGraph in the same fresh harness as the paper-inspired baselines
2026-04-14 17:12:11,866 | INFO | related_work_compare | Evaluating AWFDRL baseline
2026-04-14 17:12:14,457 | INFO | related_work_compare | AWFDRL episode 1/3 | reward=229.6000 local=0.4184 neighbor=0.1320 cloud=0.3746 paper_hit=0.5504
2026-04-14 17:12:16,677 | INFO | related_work_compare | AWFDRL episode 2/3 | reward=254.3000 local=0.4208 neighbor=0.0898 cloud=0.3894 paper_hit=0.5106
2026-04-14 17:12:19,079 | INFO | related_work_compare | AWFDRL episode 3/3 | reward=216.1000 local=0.3537 neighbor=0.1513 cloud=0.4200 paper_hit=0.5050
2026-04-14 17:12:19,079 | INFO | related_work_compare | Evaluating MAAFDRL baseline
2026-04-14 17:12:21,631 | INFO | related_work_compare | MAAFDRL episode 1/3 | reward=131.7000 local=0.2623 neighbor=0.1190 cloud=0.5687 paper_hit=0.3812
2026-04-14 17:12:23,677 | INFO | related_work_compare | MAAFDRL episode 2/3 | reward=112.5000 local=0.1943 neighbor=0.0536 cloud=0.6521 paper_hit=0.2479
2026-04-14 17:12:25,484 | INFO | related_work_compare | MAAFDRL episode 3/3 | reward=109.5000 local=0.2690 neighbor=0.0953 cloud=0.5856 paper_hit=0.3644
2026-04-14 17:12:25,484 | INFO | related_work_compare | Evaluating DTS-DDPG baseline
2026-04-14 17:12:27,372 | INFO | related_work_compare | DTS-DDPG episode 1/3 | reward=323.7000 local=0.5397 neighbor=0.1050 cloud=0.3053 paper_hit=0.6447
2026-04-14 17:12:29,331 | INFO | related_work_compare | DTS-DDPG episode 2/3 | reward=228.6000 local=0.3486 neighbor=0.1644 cloud=0.4370 paper_hit=0.5130
2026-04-14 17:12:31,327 | INFO | related_work_compare | DTS-DDPG episode 3/3 | reward=254.8000 local=0.4640 neighbor=0.1308 cloud=0.3552 paper_hit=0.5948
2026-04-14 17:12:32,386 | INFO | related_work_compare | TemporalGraph: reward_mean=147.0667 local_hit_mean=0.2776 paper_hit_mean=0.4040 cloud_fetch_mean=0.5460
2026-04-14 17:12:32,386 | INFO | related_work_compare | AWFDRL: reward_mean=233.3333 local_hit_mean=0.3976 paper_hit_mean=0.5220 cloud_fetch_mean=0.3947
2026-04-14 17:12:32,386 | INFO | related_work_compare | MAAFDRL: reward_mean=117.9000 local_hit_mean=0.2419 paper_hit_mean=0.3312 cloud_fetch_mean=0.6022
2026-04-14 17:12:32,386 | INFO | related_work_compare | DTS-DDPG: reward_mean=269.0333 local_hit_mean=0.4507 paper_hit_mean=0.5841 cloud_fetch_mean=0.3659
