2026-04-06 04:19:01,589 | INFO | novel_realworld_cache | Stage 1/5: loading ml-1m
2026-04-06 04:19:03,705 | INFO | novel_realworld_cache | Dataset ready | dataset=ml-1m ratings=1000209 users=6040
2026-04-06 04:19:03,705 | INFO | novel_realworld_cache | Stage 2/5: building real-world timestamp-aware temporal dataset
2026-04-06 04:19:19,636 | INFO | novel_realworld_cache | Temporal dataset ready | samples=927729 train=837500 val=90229
2026-04-06 04:19:19,636 | INFO | novel_realworld_cache | Stage 3/5: elastic federated training for real-world temporal encoder
2026-04-06 04:19:19,649 | INFO | novel_realworld_cache | Real-world temporal federated training started: rounds=15 clients_per_round=100 users=6040
2026-04-06 04:19:43,200 | INFO | novel_realworld_cache | Real-world temporal round 1/15 | train_loss=8.288632 val_loss=8.287569
2026-04-06 04:20:02,068 | INFO | novel_realworld_cache | Real-world temporal round 2/15 | train_loss=8.286015 val_loss=8.286716
2026-04-06 04:20:22,735 | INFO | novel_realworld_cache | Real-world temporal round 3/15 | train_loss=8.286998 val_loss=8.285872
2026-04-06 04:20:42,364 | INFO | novel_realworld_cache | Real-world temporal round 4/15 | train_loss=8.282105 val_loss=8.284983
2026-04-06 04:21:03,423 | INFO | novel_realworld_cache | Real-world temporal round 5/15 | train_loss=8.282303 val_loss=8.283867
2026-04-06 04:21:23,444 | INFO | novel_realworld_cache | Real-world temporal round 6/15 | train_loss=8.282025 val_loss=8.282551
2026-04-06 04:21:44,762 | INFO | novel_realworld_cache | Real-world temporal round 7/15 | train_loss=8.276474 val_loss=8.280671
2026-04-06 04:22:04,033 | INFO | novel_realworld_cache | Real-world temporal round 8/15 | train_loss=8.274890 val_loss=8.278210
2026-04-06 04:22:25,581 | INFO | novel_realworld_cache | Real-world temporal round 9/15 | train_loss=8.274936 val_loss=8.274172
2026-04-06 04:22:46,825 | INFO | novel_realworld_cache | Real-world temporal round 10/15 | train_loss=8.266201 val_loss=8.268414
2026-04-06 04:23:06,633 | INFO | novel_realworld_cache | Real-world temporal round 11/15 | train_loss=8.258308 val_loss=8.260280
2026-04-06 04:23:28,797 | INFO | novel_realworld_cache | Real-world temporal round 12/15 | train_loss=8.248636 val_loss=8.251725
2026-04-06 04:23:48,872 | INFO | novel_realworld_cache | Real-world temporal round 13/15 | train_loss=8.226622 val_loss=8.243334
2026-04-06 04:24:10,418 | INFO | novel_realworld_cache | Real-world temporal round 14/15 | train_loss=8.220066 val_loss=8.234726
2026-04-06 04:24:32,294 | INFO | novel_realworld_cache | Real-world temporal round 15/15 | train_loss=8.200947 val_loss=8.222272
2026-04-06 04:24:32,308 | INFO | novel_realworld_cache | Stage 4/5: building novel real-world caching environment
2026-04-06 04:24:33,696 | INFO | novel_realworld_cache | Environment ready | node_dim=137 candidate_dim=74
2026-04-06 04:24:33,696 | INFO | novel_realworld_cache | Stage 5/5: training temporal-graph cooperative cache policy
2026-04-06 04:25:09,298 | INFO | novel_realworld_cache | Imitation epoch 1/25 episode 2/10 complete | teacher_forcing=0.900 reward=4.8258 local_hit=0.0838 paper_hit=0.1195
2026-04-06 04:25:45,228 | INFO | novel_realworld_cache | Imitation epoch 1/25 episode 4/10 complete | teacher_forcing=0.900 reward=4.9998 local_hit=0.0872 paper_hit=0.1255
2026-04-06 04:26:20,750 | INFO | novel_realworld_cache | Imitation epoch 1/25 episode 6/10 complete | teacher_forcing=0.900 reward=5.0560 local_hit=0.0846 paper_hit=0.1247
2026-04-06 04:26:57,066 | INFO | novel_realworld_cache | Imitation epoch 1/25 episode 8/10 complete | teacher_forcing=0.900 reward=4.9769 local_hit=0.0833 paper_hit=0.1225
2026-04-06 04:27:33,687 | INFO | novel_realworld_cache | Imitation epoch 1/25 episode 10/10 complete | teacher_forcing=0.900 reward=4.9304 local_hit=0.0819 paper_hit=0.1208
2026-04-06 04:27:56,788 | INFO | novel_realworld_cache | Imitation epoch 1/25 summary | loss=3.173888 reward=4.9304 local_hit=0.0819 paper_hit=0.1208 sel_reward=717.2500 sel_local=0.1005 sel_paper=0.1307 best_score=843.9214
2026-04-06 04:28:33,174 | INFO | novel_realworld_cache | Imitation epoch 2/25 episode 2/10 complete | teacher_forcing=0.865 reward=5.2575 local_hit=0.0846 paper_hit=0.1255
2026-04-06 04:29:08,756 | INFO | novel_realworld_cache | Imitation epoch 2/25 episode 4/10 complete | teacher_forcing=0.865 reward=5.2340 local_hit=0.0870 paper_hit=0.1280
2026-04-06 04:29:45,496 | INFO | novel_realworld_cache | Imitation epoch 2/25 episode 6/10 complete | teacher_forcing=0.865 reward=5.2836 local_hit=0.0875 paper_hit=0.1296
2026-04-06 04:30:22,626 | INFO | novel_realworld_cache | Imitation epoch 2/25 episode 8/10 complete | teacher_forcing=0.865 reward=5.2044 local_hit=0.0845 paper_hit=0.1260
2026-04-06 04:30:58,873 | INFO | novel_realworld_cache | Imitation epoch 2/25 episode 10/10 complete | teacher_forcing=0.865 reward=5.2009 local_hit=0.0835 paper_hit=0.1244
2026-04-06 04:31:22,206 | INFO | novel_realworld_cache | Imitation epoch 2/25 summary | loss=3.135342 reward=5.2009 local_hit=0.0835 paper_hit=0.1244 sel_reward=571.0000 sel_local=0.0744 sel_paper=0.1122 best_score=843.9214
2026-04-06 04:31:57,855 | INFO | novel_realworld_cache | Imitation epoch 3/25 episode 2/10 complete | teacher_forcing=0.829 reward=4.6204 local_hit=0.0710 paper_hit=0.1112
2026-04-06 04:32:35,024 | INFO | novel_realworld_cache | Imitation epoch 3/25 episode 4/10 complete | teacher_forcing=0.829 reward=4.8808 local_hit=0.0774 paper_hit=0.1165
2026-04-06 04:33:11,576 | INFO | novel_realworld_cache | Imitation epoch 3/25 episode 6/10 complete | teacher_forcing=0.829 reward=4.9642 local_hit=0.0779 paper_hit=0.1175
2026-04-06 04:33:48,871 | INFO | novel_realworld_cache | Imitation epoch 3/25 episode 8/10 complete | teacher_forcing=0.829 reward=5.1402 local_hit=0.0808 paper_hit=0.1202
2026-04-06 04:34:25,479 | INFO | novel_realworld_cache | Imitation epoch 3/25 episode 10/10 complete | teacher_forcing=0.829 reward=5.0485 local_hit=0.0796 paper_hit=0.1192
2026-04-06 04:34:48,878 | INFO | novel_realworld_cache | Imitation epoch 3/25 summary | loss=3.134139 reward=5.0485 local_hit=0.0796 paper_hit=0.1192 sel_reward=523.8500 sel_local=0.0655 sel_paper=0.1115 best_score=843.9214
2026-04-06 04:35:26,953 | INFO | novel_realworld_cache | Imitation epoch 4/25 episode 2/10 complete | teacher_forcing=0.794 reward=5.0650 local_hit=0.0733 paper_hit=0.1145
2026-04-06 04:36:04,207 | INFO | novel_realworld_cache | Imitation epoch 4/25 episode 4/10 complete | teacher_forcing=0.794 reward=4.8617 local_hit=0.0725 paper_hit=0.1131
2026-04-06 04:36:41,902 | INFO | novel_realworld_cache | Imitation epoch 4/25 episode 6/10 complete | teacher_forcing=0.794 reward=5.0033 local_hit=0.0767 paper_hit=0.1165
2026-04-06 04:37:20,083 | INFO | novel_realworld_cache | Imitation epoch 4/25 episode 8/10 complete | teacher_forcing=0.794 reward=5.0764 local_hit=0.0783 paper_hit=0.1171
2026-04-06 04:37:59,813 | INFO | novel_realworld_cache | Imitation epoch 4/25 episode 10/10 complete | teacher_forcing=0.794 reward=5.1024 local_hit=0.0792 paper_hit=0.1178
2026-04-06 04:38:23,496 | INFO | novel_realworld_cache | Imitation epoch 4/25 summary | loss=3.134808 reward=5.1024 local_hit=0.0792 paper_hit=0.1178 sel_reward=588.3000 sel_local=0.0816 sel_paper=0.1233 best_score=843.9214
2026-04-06 04:39:01,613 | INFO | novel_realworld_cache | Imitation epoch 5/25 episode 2/10 complete | teacher_forcing=0.758 reward=5.0750 local_hit=0.0771 paper_hit=0.1156
2026-04-06 04:39:39,570 | INFO | novel_realworld_cache | Imitation epoch 5/25 episode 4/10 complete | teacher_forcing=0.758 reward=5.2731 local_hit=0.0797 paper_hit=0.1170
2026-04-06 04:40:17,297 | INFO | novel_realworld_cache | Imitation epoch 5/25 episode 6/10 complete | teacher_forcing=0.758 reward=5.4303 local_hit=0.0831 paper_hit=0.1221
2026-04-06 04:40:56,795 | INFO | novel_realworld_cache | Imitation epoch 5/25 episode 8/10 complete | teacher_forcing=0.758 reward=5.2751 local_hit=0.0832 paper_hit=0.1211
2026-04-06 04:41:34,143 | INFO | novel_realworld_cache | Imitation epoch 5/25 episode 10/10 complete | teacher_forcing=0.758 reward=5.2190 local_hit=0.0815 paper_hit=0.1194
2026-04-06 04:41:57,824 | INFO | novel_realworld_cache | Imitation epoch 5/25 summary | loss=3.134126 reward=5.2190 local_hit=0.0815 paper_hit=0.1194 sel_reward=608.9500 sel_local=0.0840 sel_paper=0.1219 best_score=843.9214
2026-04-06 04:42:36,577 | INFO | novel_realworld_cache | Imitation epoch 6/25 episode 2/10 complete | teacher_forcing=0.723 reward=5.3917 local_hit=0.0840 paper_hit=0.1145
2026-04-06 04:43:14,019 | INFO | novel_realworld_cache | Imitation epoch 6/25 episode 4/10 complete | teacher_forcing=0.723 reward=5.1710 local_hit=0.0828 paper_hit=0.1175
2026-04-06 04:43:51,348 | INFO | novel_realworld_cache | Imitation epoch 6/25 episode 6/10 complete | teacher_forcing=0.723 reward=5.4108 local_hit=0.0864 paper_hit=0.1241
2026-04-06 04:44:29,493 | INFO | novel_realworld_cache | Imitation epoch 6/25 episode 8/10 complete | teacher_forcing=0.723 reward=5.4074 local_hit=0.0870 paper_hit=0.1243
2026-04-06 04:45:06,962 | INFO | novel_realworld_cache | Imitation epoch 6/25 episode 10/10 complete | teacher_forcing=0.723 reward=5.4225 local_hit=0.0875 paper_hit=0.1263
2026-04-06 04:45:31,142 | INFO | novel_realworld_cache | Imitation epoch 6/25 summary | loss=3.129579 reward=5.4225 local_hit=0.0875 paper_hit=0.1263 sel_reward=654.0500 sel_local=0.0857 sel_paper=0.1223 best_score=843.9214
2026-04-06 04:46:08,308 | INFO | novel_realworld_cache | Imitation epoch 7/25 episode 2/10 complete | teacher_forcing=0.688 reward=4.6758 local_hit=0.0731 paper_hit=0.1167
2026-04-06 04:46:46,870 | INFO | novel_realworld_cache | Imitation epoch 7/25 episode 4/10 complete | teacher_forcing=0.688 reward=4.9846 local_hit=0.0790 paper_hit=0.1226
2026-04-06 04:47:24,997 | INFO | novel_realworld_cache | Imitation epoch 7/25 episode 6/10 complete | teacher_forcing=0.688 reward=5.0994 local_hit=0.0819 paper_hit=0.1257
2026-04-06 04:48:02,081 | INFO | novel_realworld_cache | Imitation epoch 7/25 episode 8/10 complete | teacher_forcing=0.688 reward=5.0556 local_hit=0.0825 paper_hit=0.1241
2026-04-06 04:48:39,938 | INFO | novel_realworld_cache | Imitation epoch 7/25 episode 10/10 complete | teacher_forcing=0.688 reward=5.0853 local_hit=0.0830 paper_hit=0.1236
2026-04-06 04:49:03,842 | INFO | novel_realworld_cache | Imitation epoch 7/25 summary | loss=3.132872 reward=5.0853 local_hit=0.0830 paper_hit=0.1236 sel_reward=644.3500 sel_local=0.0829 sel_paper=0.1250 best_score=843.9214
2026-04-06 04:49:42,602 | INFO | novel_realworld_cache | Imitation epoch 8/25 episode 2/10 complete | teacher_forcing=0.652 reward=5.2229 local_hit=0.0797 paper_hit=0.1157
2026-04-06 04:50:20,650 | INFO | novel_realworld_cache | Imitation epoch 8/25 episode 4/10 complete | teacher_forcing=0.652 reward=4.9450 local_hit=0.0779 paper_hit=0.1162
2026-04-06 04:50:58,143 | INFO | novel_realworld_cache | Imitation epoch 8/25 episode 6/10 complete | teacher_forcing=0.652 reward=4.8033 local_hit=0.0753 paper_hit=0.1158
2026-04-06 04:51:34,962 | INFO | novel_realworld_cache | Imitation epoch 8/25 episode 8/10 complete | teacher_forcing=0.652 reward=4.7301 local_hit=0.0733 paper_hit=0.1131
2026-04-06 04:52:14,143 | INFO | novel_realworld_cache | Imitation epoch 8/25 episode 10/10 complete | teacher_forcing=0.652 reward=4.7779 local_hit=0.0741 paper_hit=0.1155
2026-04-06 04:52:38,353 | INFO | novel_realworld_cache | Imitation epoch 8/25 summary | loss=3.130279 reward=4.7779 local_hit=0.0741 paper_hit=0.1155 sel_reward=560.0000 sel_local=0.0756 sel_paper=0.1201 best_score=843.9214
2026-04-06 04:53:16,201 | INFO | novel_realworld_cache | Imitation epoch 9/25 episode 2/10 complete | teacher_forcing=0.617 reward=5.6650 local_hit=0.0871 paper_hit=0.1250
2026-04-06 04:53:53,667 | INFO | novel_realworld_cache | Imitation epoch 9/25 episode 4/10 complete | teacher_forcing=0.617 reward=5.3662 local_hit=0.0843 paper_hit=0.1242
2026-04-06 04:54:31,125 | INFO | novel_realworld_cache | Imitation epoch 9/25 episode 6/10 complete | teacher_forcing=0.617 reward=5.2329 local_hit=0.0825 paper_hit=0.1223
2026-04-06 04:55:09,972 | INFO | novel_realworld_cache | Imitation epoch 9/25 episode 8/10 complete | teacher_forcing=0.617 reward=5.3364 local_hit=0.0831 paper_hit=0.1224
2026-04-06 04:55:47,842 | INFO | novel_realworld_cache | Imitation epoch 9/25 episode 10/10 complete | teacher_forcing=0.617 reward=5.2562 local_hit=0.0816 paper_hit=0.1216
2026-04-06 04:56:11,139 | INFO | novel_realworld_cache | Imitation epoch 9/25 summary | loss=3.130263 reward=5.2562 local_hit=0.0816 paper_hit=0.1216 sel_reward=622.2500 sel_local=0.0842 sel_paper=0.1218 best_score=843.9214
2026-04-06 04:56:50,915 | INFO | novel_realworld_cache | Imitation epoch 10/25 episode 2/10 complete | teacher_forcing=0.581 reward=5.1988 local_hit=0.0841 paper_hit=0.1241
2026-04-06 04:57:27,768 | INFO | novel_realworld_cache | Imitation epoch 10/25 episode 4/10 complete | teacher_forcing=0.581 reward=5.3013 local_hit=0.0845 paper_hit=0.1234
2026-04-06 04:58:04,954 | INFO | novel_realworld_cache | Imitation epoch 10/25 episode 6/10 complete | teacher_forcing=0.581 reward=5.0786 local_hit=0.0810 paper_hit=0.1199
2026-04-06 04:58:41,911 | INFO | novel_realworld_cache | Imitation epoch 10/25 episode 8/10 complete | teacher_forcing=0.581 reward=5.0965 local_hit=0.0808 paper_hit=0.1173
2026-04-06 04:59:18,991 | INFO | novel_realworld_cache | Imitation epoch 10/25 episode 10/10 complete | teacher_forcing=0.581 reward=5.1478 local_hit=0.0822 paper_hit=0.1179
2026-04-06 04:59:42,671 | INFO | novel_realworld_cache | Imitation epoch 10/25 summary | loss=3.132221 reward=5.1478 local_hit=0.0822 paper_hit=0.1179 sel_reward=615.5000 sel_local=0.0776 sel_paper=0.1190 best_score=843.9214
2026-04-06 05:00:21,958 | INFO | novel_realworld_cache | Imitation epoch 11/25 episode 2/10 complete | teacher_forcing=0.546 reward=4.8492 local_hit=0.0746 paper_hit=0.1217
2026-04-06 05:00:58,414 | INFO | novel_realworld_cache | Imitation epoch 11/25 episode 4/10 complete | teacher_forcing=0.546 reward=4.7246 local_hit=0.0748 paper_hit=0.1203
2026-04-06 05:01:37,410 | INFO | novel_realworld_cache | Imitation epoch 11/25 episode 6/10 complete | teacher_forcing=0.546 reward=4.6310 local_hit=0.0739 paper_hit=0.1176
2026-04-06 05:02:13,985 | INFO | novel_realworld_cache | Imitation epoch 11/25 episode 8/10 complete | teacher_forcing=0.546 reward=4.6989 local_hit=0.0734 paper_hit=0.1175
2026-04-06 05:02:51,014 | INFO | novel_realworld_cache | Imitation epoch 11/25 episode 10/10 complete | teacher_forcing=0.546 reward=4.6581 local_hit=0.0720 paper_hit=0.1153
2026-04-06 05:03:14,326 | INFO | novel_realworld_cache | Imitation epoch 11/25 summary | loss=3.131397 reward=4.6581 local_hit=0.0720 paper_hit=0.1153 sel_reward=593.2000 sel_local=0.0750 sel_paper=0.1172 best_score=843.9214
2026-04-06 05:03:52,553 | INFO | novel_realworld_cache | Imitation epoch 12/25 episode 2/10 complete | teacher_forcing=0.510 reward=4.4717 local_hit=0.0670 paper_hit=0.1094
2026-04-06 05:04:31,353 | INFO | novel_realworld_cache | Imitation epoch 12/25 episode 4/10 complete | teacher_forcing=0.510 reward=4.8090 local_hit=0.0739 paper_hit=0.1113
2026-04-06 05:05:09,296 | INFO | novel_realworld_cache | Imitation epoch 12/25 episode 6/10 complete | teacher_forcing=0.510 reward=5.0093 local_hit=0.0794 paper_hit=0.1181
2026-04-06 05:05:46,722 | INFO | novel_realworld_cache | Imitation epoch 12/25 episode 8/10 complete | teacher_forcing=0.510 reward=4.9663 local_hit=0.0775 paper_hit=0.1173
2026-04-06 05:06:24,348 | INFO | novel_realworld_cache | Imitation epoch 12/25 episode 10/10 complete | teacher_forcing=0.510 reward=4.9570 local_hit=0.0782 paper_hit=0.1176
2026-04-06 05:06:48,589 | INFO | novel_realworld_cache | Imitation epoch 12/25 summary | loss=3.130299 reward=4.9570 local_hit=0.0782 paper_hit=0.1176 sel_reward=652.2500 sel_local=0.0889 sel_paper=0.1322 best_score=843.9214
2026-04-06 05:07:26,986 | INFO | novel_realworld_cache | Imitation epoch 13/25 episode 2/10 complete | teacher_forcing=0.475 reward=5.0300 local_hit=0.0750 paper_hit=0.1148
2026-04-06 05:08:05,393 | INFO | novel_realworld_cache | Imitation epoch 13/25 episode 4/10 complete | teacher_forcing=0.475 reward=4.8660 local_hit=0.0731 paper_hit=0.1132
2026-04-06 05:08:42,729 | INFO | novel_realworld_cache | Imitation epoch 13/25 episode 6/10 complete | teacher_forcing=0.475 reward=4.8011 local_hit=0.0715 paper_hit=0.1118
2026-04-06 05:09:21,837 | INFO | novel_realworld_cache | Imitation epoch 13/25 episode 8/10 complete | teacher_forcing=0.475 reward=4.6160 local_hit=0.0709 paper_hit=0.1099
2026-04-06 05:09:59,681 | INFO | novel_realworld_cache | Imitation epoch 13/25 episode 10/10 complete | teacher_forcing=0.475 reward=4.7436 local_hit=0.0733 paper_hit=0.1106
2026-04-06 05:10:24,128 | INFO | novel_realworld_cache | Imitation epoch 13/25 summary | loss=3.130962 reward=4.7436 local_hit=0.0733 paper_hit=0.1106 sel_reward=700.9000 sel_local=0.0865 sel_paper=0.1329 best_score=843.9214
2026-04-06 05:11:03,020 | INFO | novel_realworld_cache | Imitation epoch 14/25 episode 2/10 complete | teacher_forcing=0.440 reward=5.8717 local_hit=0.0882 paper_hit=0.1332
2026-04-06 05:11:41,470 | INFO | novel_realworld_cache | Imitation epoch 14/25 episode 4/10 complete | teacher_forcing=0.440 reward=5.6471 local_hit=0.0884 paper_hit=0.1316
2026-04-06 05:12:18,809 | INFO | novel_realworld_cache | Imitation epoch 14/25 episode 6/10 complete | teacher_forcing=0.440 reward=5.2901 local_hit=0.0840 paper_hit=0.1253
2026-04-06 05:12:56,300 | INFO | novel_realworld_cache | Imitation epoch 14/25 episode 8/10 complete | teacher_forcing=0.440 reward=5.1707 local_hit=0.0816 paper_hit=0.1228
2026-04-06 05:13:35,182 | INFO | novel_realworld_cache | Imitation epoch 14/25 episode 10/10 complete | teacher_forcing=0.440 reward=5.2321 local_hit=0.0813 paper_hit=0.1226
2026-04-06 05:13:58,683 | INFO | novel_realworld_cache | Imitation epoch 14/25 summary | loss=3.130076 reward=5.2321 local_hit=0.0813 paper_hit=0.1226 sel_reward=667.7500 sel_local=0.0857 sel_paper=0.1256 best_score=843.9214
2026-04-06 05:14:37,354 | INFO | novel_realworld_cache | Imitation epoch 15/25 episode 2/10 complete | teacher_forcing=0.404 reward=4.9713 local_hit=0.0827 paper_hit=0.1196
2026-04-06 05:15:16,060 | INFO | novel_realworld_cache | Imitation epoch 15/25 episode 4/10 complete | teacher_forcing=0.404 reward=4.7738 local_hit=0.0788 paper_hit=0.1178
2026-04-06 05:15:54,120 | INFO | novel_realworld_cache | Imitation epoch 15/25 episode 6/10 complete | teacher_forcing=0.404 reward=4.8567 local_hit=0.0802 paper_hit=0.1176
2026-04-06 05:16:32,288 | INFO | novel_realworld_cache | Imitation epoch 15/25 episode 8/10 complete | teacher_forcing=0.404 reward=4.8876 local_hit=0.0791 paper_hit=0.1159
2026-04-06 05:17:11,443 | INFO | novel_realworld_cache | Imitation epoch 15/25 episode 10/10 complete | teacher_forcing=0.404 reward=4.9764 local_hit=0.0787 paper_hit=0.1173
2026-04-06 05:17:37,278 | INFO | novel_realworld_cache | Imitation epoch 15/25 summary | loss=3.133943 reward=4.9764 local_hit=0.0787 paper_hit=0.1173 sel_reward=604.7500 sel_local=0.0806 sel_paper=0.1168 best_score=843.9214
2026-04-06 05:18:15,905 | INFO | novel_realworld_cache | Imitation epoch 16/25 episode 2/10 complete | teacher_forcing=0.369 reward=5.3738 local_hit=0.0893 paper_hit=0.1294
2026-04-06 05:18:52,740 | INFO | novel_realworld_cache | Imitation epoch 16/25 episode 4/10 complete | teacher_forcing=0.369 reward=5.2462 local_hit=0.0857 paper_hit=0.1307
2026-04-06 05:19:30,449 | INFO | novel_realworld_cache | Imitation epoch 16/25 episode 6/10 complete | teacher_forcing=0.369 reward=4.9372 local_hit=0.0791 paper_hit=0.1271
2026-04-06 05:20:07,694 | INFO | novel_realworld_cache | Imitation epoch 16/25 episode 8/10 complete | teacher_forcing=0.369 reward=4.8191 local_hit=0.0774 paper_hit=0.1226
2026-04-06 05:20:45,702 | INFO | novel_realworld_cache | Imitation epoch 16/25 episode 10/10 complete | teacher_forcing=0.369 reward=4.8902 local_hit=0.0781 paper_hit=0.1216
2026-04-06 05:21:09,629 | INFO | novel_realworld_cache | Imitation epoch 16/25 summary | loss=3.130688 reward=4.8902 local_hit=0.0781 paper_hit=0.1216 sel_reward=614.3500 sel_local=0.0823 sel_paper=0.1203 best_score=843.9214
2026-04-06 05:21:47,956 | INFO | novel_realworld_cache | Imitation epoch 17/25 episode 2/10 complete | teacher_forcing=0.333 reward=4.8829 local_hit=0.0747 paper_hit=0.1201
2026-04-06 05:22:25,421 | INFO | novel_realworld_cache | Imitation epoch 17/25 episode 4/10 complete | teacher_forcing=0.333 reward=5.1727 local_hit=0.0790 paper_hit=0.1209
2026-04-06 05:23:03,061 | INFO | novel_realworld_cache | Imitation epoch 17/25 episode 6/10 complete | teacher_forcing=0.333 reward=5.1831 local_hit=0.0811 paper_hit=0.1229
2026-04-06 05:23:42,362 | INFO | novel_realworld_cache | Imitation epoch 17/25 episode 8/10 complete | teacher_forcing=0.333 reward=5.0658 local_hit=0.0796 paper_hit=0.1226
2026-04-06 05:24:20,719 | INFO | novel_realworld_cache | Imitation epoch 17/25 episode 10/10 complete | teacher_forcing=0.333 reward=5.2272 local_hit=0.0814 paper_hit=0.1235
2026-04-06 05:24:45,569 | INFO | novel_realworld_cache | Imitation epoch 17/25 summary | loss=3.130797 reward=5.2272 local_hit=0.0814 paper_hit=0.1235 sel_reward=581.8000 sel_local=0.0800 sel_paper=0.1212 best_score=843.9214
2026-04-06 05:25:23,232 | INFO | novel_realworld_cache | Imitation epoch 18/25 episode 2/10 complete | teacher_forcing=0.298 reward=4.8250 local_hit=0.0811 paper_hit=0.1171
2026-04-06 05:26:02,005 | INFO | novel_realworld_cache | Imitation epoch 18/25 episode 4/10 complete | teacher_forcing=0.298 reward=4.6175 local_hit=0.0770 paper_hit=0.1157
2026-04-06 05:26:38,786 | INFO | novel_realworld_cache | Imitation epoch 18/25 episode 6/10 complete | teacher_forcing=0.298 reward=4.7547 local_hit=0.0786 paper_hit=0.1195
2026-04-06 05:27:17,786 | INFO | novel_realworld_cache | Imitation epoch 18/25 episode 8/10 complete | teacher_forcing=0.298 reward=4.8986 local_hit=0.0801 paper_hit=0.1209
2026-04-06 05:27:56,405 | INFO | novel_realworld_cache | Imitation epoch 18/25 episode 10/10 complete | teacher_forcing=0.298 reward=4.8755 local_hit=0.0794 paper_hit=0.1198
2026-04-06 05:28:19,600 | INFO | novel_realworld_cache | Imitation epoch 18/25 summary | loss=3.133638 reward=4.8755 local_hit=0.0794 paper_hit=0.1198 sel_reward=534.0000 sel_local=0.0660 sel_paper=0.1050 best_score=843.9214
2026-04-06 05:28:58,007 | INFO | novel_realworld_cache | Imitation epoch 19/25 episode 2/10 complete | teacher_forcing=0.263 reward=4.9017 local_hit=0.0838 paper_hit=0.1231
2026-04-06 05:29:36,984 | INFO | novel_realworld_cache | Imitation epoch 19/25 episode 4/10 complete | teacher_forcing=0.263 reward=4.9392 local_hit=0.0809 paper_hit=0.1205
2026-04-06 05:30:14,122 | INFO | novel_realworld_cache | Imitation epoch 19/25 episode 6/10 complete | teacher_forcing=0.263 reward=5.0614 local_hit=0.0810 paper_hit=0.1209
2026-04-06 05:30:53,440 | INFO | novel_realworld_cache | Imitation epoch 19/25 episode 8/10 complete | teacher_forcing=0.263 reward=5.0085 local_hit=0.0801 paper_hit=0.1211
2026-04-06 05:31:32,313 | INFO | novel_realworld_cache | Imitation epoch 19/25 episode 10/10 complete | teacher_forcing=0.263 reward=4.9115 local_hit=0.0778 paper_hit=0.1190
2026-04-06 05:31:54,730 | INFO | novel_realworld_cache | Imitation epoch 19/25 summary | loss=3.132443 reward=4.9115 local_hit=0.0778 paper_hit=0.1190 sel_reward=591.4000 sel_local=0.0803 sel_paper=0.1156 best_score=843.9214
2026-04-06 05:32:32,932 | INFO | novel_realworld_cache | Imitation epoch 20/25 episode 2/10 complete | teacher_forcing=0.227 reward=4.9758 local_hit=0.0784 paper_hit=0.1143
2026-04-06 05:33:11,955 | INFO | novel_realworld_cache | Imitation epoch 20/25 episode 4/10 complete | teacher_forcing=0.227 reward=5.0335 local_hit=0.0781 paper_hit=0.1135
2026-04-06 05:33:49,284 | INFO | novel_realworld_cache | Imitation epoch 20/25 episode 6/10 complete | teacher_forcing=0.227 reward=5.0672 local_hit=0.0790 paper_hit=0.1131
2026-04-06 05:34:28,117 | INFO | novel_realworld_cache | Imitation epoch 20/25 episode 8/10 complete | teacher_forcing=0.227 reward=5.1117 local_hit=0.0790 paper_hit=0.1140
2026-04-06 05:35:06,564 | INFO | novel_realworld_cache | Imitation epoch 20/25 episode 10/10 complete | teacher_forcing=0.227 reward=5.2117 local_hit=0.0813 paper_hit=0.1170
2026-04-06 05:35:29,606 | INFO | novel_realworld_cache | Imitation epoch 20/25 summary | loss=3.135483 reward=5.2117 local_hit=0.0813 paper_hit=0.1170 sel_reward=625.5500 sel_local=0.0826 sel_paper=0.1145 best_score=843.9214
2026-04-06 05:36:08,234 | INFO | novel_realworld_cache | Imitation epoch 21/25 episode 2/10 complete | teacher_forcing=0.192 reward=4.6971 local_hit=0.0738 paper_hit=0.1104
2026-04-06 05:36:45,283 | INFO | novel_realworld_cache | Imitation epoch 21/25 episode 4/10 complete | teacher_forcing=0.192 reward=5.0090 local_hit=0.0789 paper_hit=0.1171
2026-04-06 05:37:25,092 | INFO | novel_realworld_cache | Imitation epoch 21/25 episode 6/10 complete | teacher_forcing=0.192 reward=4.9401 local_hit=0.0785 paper_hit=0.1172
2026-04-06 05:38:03,380 | INFO | novel_realworld_cache | Imitation epoch 21/25 episode 8/10 complete | teacher_forcing=0.192 reward=4.9503 local_hit=0.0788 paper_hit=0.1170
2026-04-06 05:38:42,823 | INFO | novel_realworld_cache | Imitation epoch 21/25 episode 10/10 complete | teacher_forcing=0.192 reward=5.1238 local_hit=0.0815 paper_hit=0.1186
2026-04-06 05:39:05,876 | INFO | novel_realworld_cache | Imitation epoch 21/25 summary | loss=3.134241 reward=5.1238 local_hit=0.0815 paper_hit=0.1186 sel_reward=630.4500 sel_local=0.0829 sel_paper=0.1184 best_score=843.9214
2026-04-06 05:39:44,717 | INFO | novel_realworld_cache | Imitation epoch 22/25 episode 2/10 complete | teacher_forcing=0.156 reward=4.9067 local_hit=0.0779 paper_hit=0.1117
2026-04-06 05:40:21,696 | INFO | novel_realworld_cache | Imitation epoch 22/25 episode 4/10 complete | teacher_forcing=0.156 reward=4.8350 local_hit=0.0769 paper_hit=0.1169
2026-04-06 05:40:58,672 | INFO | novel_realworld_cache | Imitation epoch 22/25 episode 6/10 complete | teacher_forcing=0.156 reward=4.9244 local_hit=0.0791 paper_hit=0.1173
2026-04-06 05:41:36,490 | INFO | novel_realworld_cache | Imitation epoch 22/25 episode 8/10 complete | teacher_forcing=0.156 reward=4.9743 local_hit=0.0798 paper_hit=0.1169
2026-04-06 05:42:14,120 | INFO | novel_realworld_cache | Imitation epoch 22/25 episode 10/10 complete | teacher_forcing=0.156 reward=4.9982 local_hit=0.0802 paper_hit=0.1166
2026-04-06 05:42:38,139 | INFO | novel_realworld_cache | Imitation epoch 22/25 summary | loss=3.133231 reward=4.9982 local_hit=0.0802 paper_hit=0.1166 sel_reward=617.5500 sel_local=0.0819 sel_paper=0.1277 best_score=843.9214
2026-04-06 05:43:16,744 | INFO | novel_realworld_cache | Imitation epoch 23/25 episode 2/10 complete | teacher_forcing=0.121 reward=4.7154 local_hit=0.0774 paper_hit=0.1148
2026-04-06 05:43:55,131 | INFO | novel_realworld_cache | Imitation epoch 23/25 episode 4/10 complete | teacher_forcing=0.121 reward=4.7975 local_hit=0.0785 paper_hit=0.1172
2026-04-06 05:44:34,954 | INFO | novel_realworld_cache | Imitation epoch 23/25 episode 6/10 complete | teacher_forcing=0.121 reward=4.8629 local_hit=0.0773 paper_hit=0.1158
2026-04-06 05:45:14,526 | INFO | novel_realworld_cache | Imitation epoch 23/25 episode 8/10 complete | teacher_forcing=0.121 reward=4.9525 local_hit=0.0818 paper_hit=0.1201
2026-04-06 05:45:53,968 | INFO | novel_realworld_cache | Imitation epoch 23/25 episode 10/10 complete | teacher_forcing=0.121 reward=5.0321 local_hit=0.0823 paper_hit=0.1207
2026-04-06 05:46:17,667 | INFO | novel_realworld_cache | Imitation epoch 23/25 summary | loss=3.133257 reward=5.0321 local_hit=0.0823 paper_hit=0.1207 sel_reward=644.1000 sel_local=0.0777 sel_paper=0.1238 best_score=843.9214
2026-04-06 05:46:56,092 | INFO | novel_realworld_cache | Imitation epoch 24/25 episode 2/10 complete | teacher_forcing=0.085 reward=5.2629 local_hit=0.0833 paper_hit=0.1242
2026-04-06 05:47:34,998 | INFO | novel_realworld_cache | Imitation epoch 24/25 episode 4/10 complete | teacher_forcing=0.085 reward=5.3790 local_hit=0.0878 paper_hit=0.1247
2026-04-06 05:48:12,816 | INFO | novel_realworld_cache | Imitation epoch 24/25 episode 6/10 complete | teacher_forcing=0.085 reward=5.3563 local_hit=0.0865 paper_hit=0.1221
2026-04-06 05:48:52,599 | INFO | novel_realworld_cache | Imitation epoch 24/25 episode 8/10 complete | teacher_forcing=0.085 reward=5.2946 local_hit=0.0855 paper_hit=0.1217
2026-04-06 05:49:30,644 | INFO | novel_realworld_cache | Imitation epoch 24/25 episode 10/10 complete | teacher_forcing=0.085 reward=5.1698 local_hit=0.0828 paper_hit=0.1200
2026-04-06 05:49:53,432 | INFO | novel_realworld_cache | Imitation epoch 24/25 summary | loss=3.138917 reward=5.1698 local_hit=0.0828 paper_hit=0.1200 sel_reward=620.0000 sel_local=0.0807 sel_paper=0.1183 best_score=843.9214
2026-04-06 05:50:32,574 | INFO | novel_realworld_cache | Imitation epoch 25/25 episode 2/10 complete | teacher_forcing=0.050 reward=4.6750 local_hit=0.0786 paper_hit=0.1134
2026-04-06 05:51:10,779 | INFO | novel_realworld_cache | Imitation epoch 25/25 episode 4/10 complete | teacher_forcing=0.050 reward=4.5800 local_hit=0.0762 paper_hit=0.1138
2026-04-06 05:51:50,667 | INFO | novel_realworld_cache | Imitation epoch 25/25 episode 6/10 complete | teacher_forcing=0.050 reward=4.8035 local_hit=0.0788 paper_hit=0.1163
2026-04-06 05:52:30,081 | INFO | novel_realworld_cache | Imitation epoch 25/25 episode 8/10 complete | teacher_forcing=0.050 reward=5.0519 local_hit=0.0824 paper_hit=0.1206
2026-04-06 05:53:09,940 | INFO | novel_realworld_cache | Imitation epoch 25/25 episode 10/10 complete | teacher_forcing=0.050 reward=5.1863 local_hit=0.0848 paper_hit=0.1240
2026-04-06 05:53:34,469 | INFO | novel_realworld_cache | Imitation epoch 25/25 summary | loss=3.134773 reward=5.1863 local_hit=0.0848 paper_hit=0.1240 sel_reward=615.7500 sel_local=0.0793 sel_paper=0.1168 best_score=843.9214
2026-04-06 05:53:34,471 | INFO | novel_realworld_cache | Stage 5b/5: reward fine-tuning temporal-graph policy
2026-04-06 05:55:55,608 | INFO | novel_realworld_cache | Reinforce epoch 1/15 episode 2/8 complete | loss=-0.080704 reward=-13.5500 local_hit=0.0700 paper_hit=0.1052
2026-04-06 05:58:03,354 | INFO | novel_realworld_cache | Reinforce epoch 1/15 episode 4/8 complete | loss=-1.176865 reward=31.4750 local_hit=0.0713 paper_hit=0.1081
2026-04-06 06:00:20,292 | INFO | novel_realworld_cache | Reinforce epoch 1/15 episode 6/8 complete | loss=-0.116177 reward=31.9833 local_hit=0.0724 paper_hit=0.1068
2026-04-06 06:02:45,681 | INFO | novel_realworld_cache | Reinforce epoch 1/15 episode 8/8 complete | loss=0.137207 reward=24.6875 local_hit=0.0721 paper_hit=0.1070
2026-04-06 06:03:14,039 | INFO | novel_realworld_cache | Reinforce epoch 1/15 summary | loss=0.137207 reward=24.6875 local_hit=0.0721 paper_hit=0.1070 sel_reward=615.6000 sel_local=0.0828 sel_paper=0.1176 best_score=769.5947
2026-04-06 06:05:37,860 | INFO | novel_realworld_cache | Reinforce epoch 2/15 episode 2/8 complete | loss=-1.276081 reward=58.4000 local_hit=0.0778 paper_hit=0.1129
2026-04-06 06:07:52,666 | INFO | novel_realworld_cache | Reinforce epoch 2/15 episode 4/8 complete | loss=-0.534467 reward=43.8250 local_hit=0.0768 paper_hit=0.1097
2026-04-06 06:10:02,473 | INFO | novel_realworld_cache | Reinforce epoch 2/15 episode 6/8 complete | loss=-0.624019 reward=56.6667 local_hit=0.0772 paper_hit=0.1102
2026-04-06 06:12:16,944 | INFO | novel_realworld_cache | Reinforce epoch 2/15 episode 8/8 complete | loss=-0.459487 reward=52.6875 local_hit=0.0761 paper_hit=0.1085
2026-04-06 06:12:40,835 | INFO | novel_realworld_cache | Reinforce epoch 2/15 summary | loss=-0.459487 reward=52.6875 local_hit=0.0761 paper_hit=0.1085 sel_reward=737.0500 sel_local=0.0975 sel_paper=0.1312 best_score=884.3496
2026-04-06 06:14:53,691 | INFO | novel_realworld_cache | Reinforce epoch 3/15 episode 2/8 complete | loss=2.457068 reward=57.4500 local_hit=0.0845 paper_hit=0.1114
2026-04-06 06:17:01,885 | INFO | novel_realworld_cache | Reinforce epoch 3/15 episode 4/8 complete | loss=1.847627 reward=62.0250 local_hit=0.0855 paper_hit=0.1123
2026-04-06 06:19:10,728 | INFO | novel_realworld_cache | Reinforce epoch 3/15 episode 6/8 complete | loss=2.174310 reward=39.5500 local_hit=0.0809 paper_hit=0.1096
2026-04-06 06:21:20,083 | INFO | novel_realworld_cache | Reinforce epoch 3/15 episode 8/8 complete | loss=1.992016 reward=45.3750 local_hit=0.0814 paper_hit=0.1108
2026-04-06 06:21:44,012 | INFO | novel_realworld_cache | Reinforce epoch 3/15 summary | loss=1.992016 reward=45.3750 local_hit=0.0814 paper_hit=0.1108 sel_reward=652.7000 sel_local=0.0842 sel_paper=0.1221 best_score=884.3496
2026-04-06 06:23:51,700 | INFO | novel_realworld_cache | Reinforce epoch 4/15 episode 2/8 complete | loss=0.134545 reward=91.3000 local_hit=0.0820 paper_hit=0.1132
2026-04-06 06:25:59,296 | INFO | novel_realworld_cache | Reinforce epoch 4/15 episode 4/8 complete | loss=0.391713 reward=80.5750 local_hit=0.0785 paper_hit=0.1119
2026-04-06 06:28:08,434 | INFO | novel_realworld_cache | Reinforce epoch 4/15 episode 6/8 complete | loss=0.148446 reward=66.6333 local_hit=0.0756 paper_hit=0.1081
2026-04-06 06:30:15,335 | INFO | novel_realworld_cache | Reinforce epoch 4/15 episode 8/8 complete | loss=0.453218 reward=75.7000 local_hit=0.0770 paper_hit=0.1086
2026-04-06 06:30:38,754 | INFO | novel_realworld_cache | Reinforce epoch 4/15 summary | loss=0.453218 reward=75.7000 local_hit=0.0770 paper_hit=0.1086 sel_reward=641.9000 sel_local=0.0893 sel_paper=0.1201 best_score=884.3496
2026-04-06 06:32:46,903 | INFO | novel_realworld_cache | Reinforce epoch 5/15 episode 2/8 complete | loss=-1.627909 reward=65.0500 local_hit=0.0801 paper_hit=0.1119
2026-04-06 06:34:52,890 | INFO | novel_realworld_cache | Reinforce epoch 5/15 episode 4/8 complete | loss=-0.564464 reward=34.2250 local_hit=0.0748 paper_hit=0.1049
2026-04-06 06:36:59,871 | INFO | novel_realworld_cache | Reinforce epoch 5/15 episode 6/8 complete | loss=0.036240 reward=41.1500 local_hit=0.0768 paper_hit=0.1064
2026-04-06 06:39:06,580 | INFO | novel_realworld_cache | Reinforce epoch 5/15 episode 8/8 complete | loss=-0.220276 reward=43.7375 local_hit=0.0772 paper_hit=0.1081
2026-04-06 06:39:30,849 | INFO | novel_realworld_cache | Reinforce epoch 5/15 summary | loss=-0.220276 reward=43.7375 local_hit=0.0772 paper_hit=0.1081 sel_reward=631.3500 sel_local=0.0869 sel_paper=0.1214 best_score=884.3496
2026-04-06 06:41:42,145 | INFO | novel_realworld_cache | Reinforce epoch 6/15 episode 2/8 complete | loss=1.047753 reward=114.1000 local_hit=0.0827 paper_hit=0.1157
2026-04-06 06:44:25,035 | INFO | novel_realworld_cache | Reinforce epoch 6/15 episode 4/8 complete | loss=1.685802 reward=95.9750 local_hit=0.0835 paper_hit=0.1166
2026-04-06 06:46:42,522 | INFO | novel_realworld_cache | Reinforce epoch 6/15 episode 6/8 complete | loss=0.784264 reward=80.9167 local_hit=0.0801 paper_hit=0.1104
2026-04-06 06:48:51,829 | INFO | novel_realworld_cache | Reinforce epoch 6/15 episode 8/8 complete | loss=0.388280 reward=73.7500 local_hit=0.0785 paper_hit=0.1081
2026-04-06 06:49:15,392 | INFO | novel_realworld_cache | Reinforce epoch 6/15 summary | loss=0.388280 reward=73.7500 local_hit=0.0785 paper_hit=0.1081 sel_reward=641.5000 sel_local=0.0880 sel_paper=0.1174 best_score=884.3496
2026-04-06 06:51:24,997 | INFO | novel_realworld_cache | Reinforce epoch 7/15 episode 2/8 complete | loss=0.658892 reward=-14.7000 local_hit=0.0654 paper_hit=0.0925
2026-04-06 06:53:30,066 | INFO | novel_realworld_cache | Reinforce epoch 7/15 episode 4/8 complete | loss=0.761277 reward=35.8750 local_hit=0.0734 paper_hit=0.1039
2026-04-06 06:55:39,028 | INFO | novel_realworld_cache | Reinforce epoch 7/15 episode 6/8 complete | loss=0.168463 reward=26.2333 local_hit=0.0727 paper_hit=0.1024
2026-04-06 06:57:45,455 | INFO | novel_realworld_cache | Reinforce epoch 7/15 episode 8/8 complete | loss=0.015640 reward=37.3875 local_hit=0.0753 paper_hit=0.1052
2026-04-06 06:58:09,614 | INFO | novel_realworld_cache | Reinforce epoch 7/15 summary | loss=0.015640 reward=37.3875 local_hit=0.0753 paper_hit=0.1052 sel_reward=659.8000 sel_local=0.0908 sel_paper=0.1243 best_score=884.3496
2026-04-06 07:00:15,406 | INFO | novel_realworld_cache | Reinforce epoch 8/15 episode 2/8 complete | loss=0.392460 reward=80.4000 local_hit=0.0832 paper_hit=0.1171
2026-04-06 07:02:20,436 | INFO | novel_realworld_cache | Reinforce epoch 8/15 episode 4/8 complete | loss=-0.196815 reward=78.8250 local_hit=0.0815 paper_hit=0.1112
2026-04-06 07:04:28,065 | INFO | novel_realworld_cache | Reinforce epoch 8/15 episode 6/8 complete | loss=0.174194 reward=74.9000 local_hit=0.0819 paper_hit=0.1128
2026-04-06 07:06:33,480 | INFO | novel_realworld_cache | Reinforce epoch 8/15 episode 8/8 complete | loss=-0.131065 reward=79.5375 local_hit=0.0823 paper_hit=0.1134
2026-04-06 07:06:57,159 | INFO | novel_realworld_cache | Reinforce epoch 8/15 summary | loss=-0.131065 reward=79.5375 local_hit=0.0823 paper_hit=0.1134 sel_reward=648.2500 sel_local=0.0915 sel_paper=0.1278 best_score=884.3496
2026-04-06 07:09:01,674 | INFO | novel_realworld_cache | Reinforce epoch 9/15 episode 2/8 complete | loss=0.803534 reward=107.2000 local_hit=0.0785 paper_hit=0.1061
2026-04-06 07:11:08,404 | INFO | novel_realworld_cache | Reinforce epoch 9/15 episode 4/8 complete | loss=1.205581 reward=103.4750 local_hit=0.0797 paper_hit=0.1094
2026-04-06 07:13:12,493 | INFO | novel_realworld_cache | Reinforce epoch 9/15 episode 6/8 complete | loss=0.734037 reward=117.5833 local_hit=0.0814 paper_hit=0.1124
2026-04-06 07:15:16,477 | INFO | novel_realworld_cache | Reinforce epoch 9/15 episode 8/8 complete | loss=0.620709 reward=118.8125 local_hit=0.0824 paper_hit=0.1139
2026-04-06 07:15:40,560 | INFO | novel_realworld_cache | Reinforce epoch 9/15 summary | loss=0.620709 reward=118.8125 local_hit=0.0824 paper_hit=0.1139 sel_reward=620.6000 sel_local=0.0883 sel_paper=0.1146 best_score=884.3496
2026-04-06 07:17:46,195 | INFO | novel_realworld_cache | Reinforce epoch 10/15 episode 2/8 complete | loss=-0.605360 reward=73.7000 local_hit=0.0804 paper_hit=0.1066
2026-04-06 07:19:50,515 | INFO | novel_realworld_cache | Reinforce epoch 10/15 episode 4/8 complete | loss=-0.009102 reward=106.8750 local_hit=0.0835 paper_hit=0.1136
2026-04-06 07:21:55,872 | INFO | novel_realworld_cache | Reinforce epoch 10/15 episode 6/8 complete | loss=0.333965 reward=110.5833 local_hit=0.0837 paper_hit=0.1139
2026-04-06 07:24:00,685 | INFO | novel_realworld_cache | Reinforce epoch 10/15 episode 8/8 complete | loss=0.171228 reward=116.6625 local_hit=0.0857 paper_hit=0.1154
2026-04-06 07:24:23,573 | INFO | novel_realworld_cache | Reinforce epoch 10/15 summary | loss=0.171228 reward=116.6625 local_hit=0.0857 paper_hit=0.1154 sel_reward=690.2500 sel_local=0.0927 sel_paper=0.1293 best_score=884.3496
2026-04-06 07:26:27,018 | INFO | novel_realworld_cache | Reinforce epoch 11/15 episode 2/8 complete | loss=-0.830992 reward=72.4000 local_hit=0.0827 paper_hit=0.1165
2026-04-06 07:28:31,245 | INFO | novel_realworld_cache | Reinforce epoch 11/15 episode 4/8 complete | loss=-0.020536 reward=56.5000 local_hit=0.0828 paper_hit=0.1157
2026-04-06 07:30:37,829 | INFO | novel_realworld_cache | Reinforce epoch 11/15 episode 6/8 complete | loss=0.574753 reward=63.9500 local_hit=0.0816 paper_hit=0.1132
2026-04-06 07:32:41,373 | INFO | novel_realworld_cache | Reinforce epoch 11/15 episode 8/8 complete | loss=0.521153 reward=65.4375 local_hit=0.0818 paper_hit=0.1123
2026-04-06 07:33:04,389 | INFO | novel_realworld_cache | Reinforce epoch 11/15 summary | loss=0.521153 reward=65.4375 local_hit=0.0818 paper_hit=0.1123 sel_reward=647.0000 sel_local=0.0869 sel_paper=0.1206 best_score=884.3496
2026-04-06 07:35:09,668 | INFO | novel_realworld_cache | Reinforce epoch 12/15 episode 2/8 complete | loss=1.289043 reward=108.0000 local_hit=0.0841 paper_hit=0.1120
2026-04-06 07:37:14,803 | INFO | novel_realworld_cache | Reinforce epoch 12/15 episode 4/8 complete | loss=0.108343 reward=76.4250 local_hit=0.0773 paper_hit=0.1059
2026-04-06 07:39:19,861 | INFO | novel_realworld_cache | Reinforce epoch 12/15 episode 6/8 complete | loss=0.522060 reward=70.6667 local_hit=0.0774 paper_hit=0.1078
2026-04-06 07:41:25,479 | INFO | novel_realworld_cache | Reinforce epoch 12/15 episode 8/8 complete | loss=0.792825 reward=77.8000 local_hit=0.0787 paper_hit=0.1087
2026-04-06 07:41:49,515 | INFO | novel_realworld_cache | Reinforce epoch 12/15 summary | loss=0.792825 reward=77.8000 local_hit=0.0787 paper_hit=0.1087 sel_reward=607.5000 sel_local=0.0831 sel_paper=0.1179 best_score=884.3496
2026-04-06 07:43:54,430 | INFO | novel_realworld_cache | Reinforce epoch 13/15 episode 2/8 complete | loss=0.857187 reward=69.3000 local_hit=0.0845 paper_hit=0.1174
2026-04-06 07:45:59,770 | INFO | novel_realworld_cache | Reinforce epoch 13/15 episode 4/8 complete | loss=1.037216 reward=66.5500 local_hit=0.0818 paper_hit=0.1138
2026-04-06 07:48:05,241 | INFO | novel_realworld_cache | Reinforce epoch 13/15 episode 6/8 complete | loss=0.821967 reward=56.3167 local_hit=0.0783 paper_hit=0.1127
2026-04-06 07:50:10,333 | INFO | novel_realworld_cache | Reinforce epoch 13/15 episode 8/8 complete | loss=0.185653 reward=48.2625 local_hit=0.0771 paper_hit=0.1118
2026-04-06 07:50:33,558 | INFO | novel_realworld_cache | Reinforce epoch 13/15 summary | loss=0.185653 reward=48.2625 local_hit=0.0771 paper_hit=0.1118 sel_reward=644.6000 sel_local=0.0909 sel_paper=0.1225 best_score=884.3496
2026-04-06 07:52:39,048 | INFO | novel_realworld_cache | Reinforce epoch 14/15 episode 2/8 complete | loss=-0.581840 reward=62.8500 local_hit=0.0788 paper_hit=0.1157
2026-04-06 07:54:44,234 | INFO | novel_realworld_cache | Reinforce epoch 14/15 episode 4/8 complete | loss=0.086066 reward=45.8500 local_hit=0.0754 paper_hit=0.1083
2026-04-06 07:56:49,377 | INFO | novel_realworld_cache | Reinforce epoch 14/15 episode 6/8 complete | loss=0.937999 reward=28.0333 local_hit=0.0729 paper_hit=0.1054
2026-04-06 07:58:55,903 | INFO | novel_realworld_cache | Reinforce epoch 14/15 episode 8/8 complete | loss=0.531905 reward=49.5875 local_hit=0.0745 paper_hit=0.1078
2026-04-06 07:59:19,062 | INFO | novel_realworld_cache | Reinforce epoch 14/15 summary | loss=0.531905 reward=49.5875 local_hit=0.0745 paper_hit=0.1078 sel_reward=575.8500 sel_local=0.0838 sel_paper=0.1205 best_score=884.3496
2026-04-06 08:01:25,173 | INFO | novel_realworld_cache | Reinforce epoch 15/15 episode 2/8 complete | loss=-0.398683 reward=96.0500 local_hit=0.0736 paper_hit=0.1071
2026-04-06 08:03:30,179 | INFO | novel_realworld_cache | Reinforce epoch 15/15 episode 4/8 complete | loss=0.292753 reward=59.7500 local_hit=0.0738 paper_hit=0.1019
2026-04-06 08:05:35,404 | INFO | novel_realworld_cache | Reinforce epoch 15/15 episode 6/8 complete | loss=0.320645 reward=59.6667 local_hit=0.0747 paper_hit=0.1035
2026-04-06 08:07:40,701 | INFO | novel_realworld_cache | Reinforce epoch 15/15 episode 8/8 complete | loss=-0.113752 reward=64.5375 local_hit=0.0739 paper_hit=0.1041
2026-04-06 08:08:03,708 | INFO | novel_realworld_cache | Reinforce epoch 15/15 summary | loss=-0.113752 reward=64.5375 local_hit=0.0739 paper_hit=0.1041 sel_reward=605.7000 sel_local=0.0859 sel_paper=0.1193 best_score=884.3496
2026-04-06 08:08:05,924 | INFO | novel_realworld_cache | Evaluating random baseline
2026-04-06 08:09:56,676 | INFO | novel_realworld_cache | Evaluating BSG-like baseline
2026-04-06 08:11:45,334 | INFO | novel_realworld_cache | Evaluating C-epsilon-greedy baseline
2026-04-06 08:13:34,383 | INFO | novel_realworld_cache | Evaluating cooperative teacher
2026-04-06 08:15:56,244 | INFO | novel_realworld_cache | Evaluating learned graph policy
2026-04-06 08:17:58,255 | INFO | novel_realworld_cache | Ablations: graph=on temporal=on mobility=on trend=on semantic=on teacher_score_loss_weight=0.600 decode_diversity_penalty=0.400
2026-04-06 08:17:58,255 | INFO | novel_realworld_cache | Reinforce: epochs=15 episodes_per_epoch=8 lr=0.000050 gamma=0.990 entropy_weight=0.000500
2026-04-06 08:17:58,255 | INFO | novel_realworld_cache | Random: reward_mean=-1852.2100 local_hit_mean=0.0046 paper_hit_mean=0.0194
2026-04-06 08:17:58,255 | INFO | novel_realworld_cache | BSG-like: reward_mean=205.4100 local_hit_mean=0.0316 paper_hit_mean=0.0316
2026-04-06 08:17:58,255 | INFO | novel_realworld_cache | C-epsilon-greedy: reward_mean=190.3200 local_hit_mean=0.0908 paper_hit_mean=0.1239
2026-04-06 08:17:58,255 | INFO | novel_realworld_cache | Teacher: reward_mean=615.8900 local_hit_mean=0.0819 paper_hit_mean=0.1188
2026-04-06 08:17:58,255 | INFO | novel_realworld_cache | TemporalGraph: reward_mean=616.2700 local_hit_mean=0.0838 paper_hit_mean=0.1189
Ablations: graph=on temporal=on mobility=on trend=on semantic=on teacher_score_loss_weight=0.600 decode_diversity_penalty=0.400
Reinforce: epochs=15 episodes_per_epoch=8 lr=0.000050 gamma=0.990 entropy_weight=0.000500
Random: reward_mean=-1852.2100 local_hit_mean=0.0046 paper_hit_mean=0.0194
BSG-like: reward_mean=205.4100 local_hit_mean=0.0316 paper_hit_mean=0.0316
C-epsilon-greedy: reward_mean=190.3200 local_hit_mean=0.0908 paper_hit_mean=0.1239
Teacher: reward_mean=615.8900 local_hit_mean=0.0819 paper_hit_mean=0.1188
TemporalGraph: reward_mean=616.2700 local_hit_mean=0.0838 paper_hit_mean=0.1189
Dataset: ml-1m
Saved outputs under: outputs/plots_apr6_v3/novel_realworld_main
